This is pdfTeX, Version 3.1415926-2.4-1.40.13 (TeX Live 2012/Debian) (format=pdflatex 2014.3.16)  24 AUG 2014 22:34
entering extended mode
 restricted \write18 enabled.
 %&-line parsing enabled.
**dokument.tex
(./dokument.tex
LaTeX2e <2011/06/27>
Babel <v3.8m> and hyphenation patterns for english, dumylang, nohyphenation, po
lish, loaded.
(/usr/share/texlive/texmf-dist/tex/latex/base/book.cls
Document Class: book 2007/10/19 v1.4h Standard LaTeX document class
(/usr/share/texlive/texmf-dist/tex/latex/base/bk12.clo
File: bk12.clo 2007/10/19 v1.4h Standard LaTeX file (size option)
)
\c@part=\count79
\c@chapter=\count80
\c@section=\count81
\c@subsection=\count82
\c@subsubsection=\count83
\c@paragraph=\count84
\c@subparagraph=\count85
\c@figure=\count86
\c@table=\count87
\abovecaptionskip=\skip41
\belowcaptionskip=\skip42
\bibindent=\dimen102
)
(./preambula_pakiety.tex
(/usr/share/texlive/texmf-dist/tex/latex/jknapltx/mathrsfs.sty
Package: mathrsfs 1996/01/01 Math RSFS package v1.0 (jk)
\symrsfs=\mathgroup4
)
(/usr/share/texlive/texmf-dist/tex/latex/amsfonts/eucal.sty
Package: eucal 2009/06/22 v3.00 Euler Script fonts
LaTeX Font Info:    Overwriting math alphabet `\EuScript' in version `bold'
(Font)                  U/eus/m/n --> U/eus/b/n on input line 33.
)
(/usr/share/texlive/texmf-dist/tex/latex/amsfonts/amssymb.sty
Package: amssymb 2009/06/22 v3.00

(/usr/share/texlive/texmf-dist/tex/latex/amsfonts/amsfonts.sty
Package: amsfonts 2009/06/22 v3.00 Basic AMSFonts support
\@emptytoks=\toks14
\symAMSa=\mathgroup5
\symAMSb=\mathgroup6
LaTeX Font Info:    Overwriting math alphabet `\mathfrak' in version `bold'
(Font)                  U/euf/m/n --> U/euf/b/n on input line 96.
))
(/usr/share/texlive/texmf-dist/tex/latex/amsmath/amsmath.sty
Package: amsmath 2000/07/18 v2.13 AMS math features
\@mathmargin=\skip43

For additional information on amsmath, use the `?' option.
(/usr/share/texlive/texmf-dist/tex/latex/amsmath/amstext.sty
Package: amstext 2000/06/29 v2.01

(/usr/share/texlive/texmf-dist/tex/latex/amsmath/amsgen.sty
File: amsgen.sty 1999/11/30 v2.0
\@emptytoks=\toks15
\ex@=\dimen103
))
(/usr/share/texlive/texmf-dist/tex/latex/amsmath/amsbsy.sty
Package: amsbsy 1999/11/29 v1.2d
\pmbraise@=\dimen104
)
(/usr/share/texlive/texmf-dist/tex/latex/amsmath/amsopn.sty
Package: amsopn 1999/12/14 v2.01 operator names
)
\inf@bad=\count88
LaTeX Info: Redefining \frac on input line 211.
\uproot@=\count89
\leftroot@=\count90
LaTeX Info: Redefining \overline on input line 307.
\classnum@=\count91
\DOTSCASE@=\count92
LaTeX Info: Redefining \ldots on input line 379.
LaTeX Info: Redefining \dots on input line 382.
LaTeX Info: Redefining \cdots on input line 467.
\Mathstrutbox@=\box26
\strutbox@=\box27
\big@size=\dimen105
LaTeX Font Info:    Redeclaring font encoding OML on input line 567.
LaTeX Font Info:    Redeclaring font encoding OMS on input line 568.
\macc@depth=\count93
\c@MaxMatrixCols=\count94
\dotsspace@=\muskip10
\c@parentequation=\count95
\dspbrk@lvl=\count96
\tag@help=\toks16
\row@=\count97
\column@=\count98
\maxfields@=\count99
\andhelp@=\toks17
\eqnshift@=\dimen106
\alignsep@=\dimen107
\tagshift@=\dimen108
\tagwidth@=\dimen109
\totwidth@=\dimen110
\lineht@=\dimen111
\@envbody=\toks18
\multlinegap=\skip44
\multlinetaggap=\skip45
\mathdisplay@stack=\toks19
LaTeX Info: Redefining \[ on input line 2666.
LaTeX Info: Redefining \] on input line 2667.
)
(/usr/share/texlive/texmf-dist/tex/generic/babel/babel.sty
Package: babel 2008/07/08 v3.8m The Babel package

(/usr/share/texlive/texmf-dist/tex/generic/babel/polish.ldf
Language: polish 2005/03/31 v1.2l Polish support from the babel system

(/usr/share/texlive/texmf-dist/tex/generic/babel/babel.def
File: babel.def 2008/07/08 v3.8m Babel common definitions
\babel@savecnt=\count100
\U@D=\dimen112
)
Package babel Info: Making " an active character on input line 83.
\pl@left=\dimen113
\pl@down=\dimen114
\pl@right=\dimen115
\pl@temp=\dimen116
))
(/usr/share/texlive/texmf-dist/tex/latex/polski/polski.sty
Package: polski 2008/02/24 v1.3.3 Polish language package

Document language package `polski' v1.3.3 <2008/02/24>
) (/usr/share/texlive/texmf-dist/tex/latex/base/inputenc.sty
Package: inputenc 2008/03/30 v1.1d Input encoding file
\inpenc@prehook=\toks20
\inpenc@posthook=\toks21

(/usr/share/texlive/texmf-dist/tex/latex/base/utf8.def
File: utf8.def 2008/04/05 v1.1m UTF-8 support for inputenc
Now handling font encoding OML ...
... no UTF-8 mapping file for font encoding OML
Now handling font encoding T1 ...
... processing UTF-8 mapping file for font encoding T1

(/usr/share/texlive/texmf-dist/tex/latex/base/t1enc.dfu
File: t1enc.dfu 2008/04/05 v1.1m UTF-8 support for inputenc
   defining Unicode char U+00A1 (decimal 161)
   defining Unicode char U+00A3 (decimal 163)
   defining Unicode char U+00AB (decimal 171)
   defining Unicode char U+00BB (decimal 187)
   defining Unicode char U+00BF (decimal 191)
   defining Unicode char U+00C0 (decimal 192)
   defining Unicode char U+00C1 (decimal 193)
   defining Unicode char U+00C2 (decimal 194)
   defining Unicode char U+00C3 (decimal 195)
   defining Unicode char U+00C4 (decimal 196)
   defining Unicode char U+00C5 (decimal 197)
   defining Unicode char U+00C6 (decimal 198)
   defining Unicode char U+00C7 (decimal 199)
   defining Unicode char U+00C8 (decimal 200)
   defining Unicode char U+00C9 (decimal 201)
   defining Unicode char U+00CA (decimal 202)
   defining Unicode char U+00CB (decimal 203)
   defining Unicode char U+00CC (decimal 204)
   defining Unicode char U+00CD (decimal 205)
   defining Unicode char U+00CE (decimal 206)
   defining Unicode char U+00CF (decimal 207)
   defining Unicode char U+00D0 (decimal 208)
   defining Unicode char U+00D1 (decimal 209)
   defining Unicode char U+00D2 (decimal 210)
   defining Unicode char U+00D3 (decimal 211)
   defining Unicode char U+00D4 (decimal 212)
   defining Unicode char U+00D5 (decimal 213)
   defining Unicode char U+00D6 (decimal 214)
   defining Unicode char U+00D8 (decimal 216)
   defining Unicode char U+00D9 (decimal 217)
   defining Unicode char U+00DA (decimal 218)
   defining Unicode char U+00DB (decimal 219)
   defining Unicode char U+00DC (decimal 220)
   defining Unicode char U+00DD (decimal 221)
   defining Unicode char U+00DE (decimal 222)
   defining Unicode char U+00DF (decimal 223)
   defining Unicode char U+00E0 (decimal 224)
   defining Unicode char U+00E1 (decimal 225)
   defining Unicode char U+00E2 (decimal 226)
   defining Unicode char U+00E3 (decimal 227)
   defining Unicode char U+00E4 (decimal 228)
   defining Unicode char U+00E5 (decimal 229)
   defining Unicode char U+00E6 (decimal 230)
   defining Unicode char U+00E7 (decimal 231)
   defining Unicode char U+00E8 (decimal 232)
   defining Unicode char U+00E9 (decimal 233)
   defining Unicode char U+00EA (decimal 234)
   defining Unicode char U+00EB (decimal 235)
   defining Unicode char U+00EC (decimal 236)
   defining Unicode char U+00ED (decimal 237)
   defining Unicode char U+00EE (decimal 238)
   defining Unicode char U+00EF (decimal 239)
   defining Unicode char U+00F0 (decimal 240)
   defining Unicode char U+00F1 (decimal 241)
   defining Unicode char U+00F2 (decimal 242)
   defining Unicode char U+00F3 (decimal 243)
   defining Unicode char U+00F4 (decimal 244)
   defining Unicode char U+00F5 (decimal 245)
   defining Unicode char U+00F6 (decimal 246)
   defining Unicode char U+00F8 (decimal 248)
   defining Unicode char U+00F9 (decimal 249)
   defining Unicode char U+00FA (decimal 250)
   defining Unicode char U+00FB (decimal 251)
   defining Unicode char U+00FC (decimal 252)
   defining Unicode char U+00FD (decimal 253)
   defining Unicode char U+00FE (decimal 254)
   defining Unicode char U+00FF (decimal 255)
   defining Unicode char U+0102 (decimal 258)
   defining Unicode char U+0103 (decimal 259)
   defining Unicode char U+0104 (decimal 260)
   defining Unicode char U+0105 (decimal 261)
   defining Unicode char U+0106 (decimal 262)
   defining Unicode char U+0107 (decimal 263)
   defining Unicode char U+010C (decimal 268)
   defining Unicode char U+010D (decimal 269)
   defining Unicode char U+010E (decimal 270)
   defining Unicode char U+010F (decimal 271)
   defining Unicode char U+0110 (decimal 272)
   defining Unicode char U+0111 (decimal 273)
   defining Unicode char U+0118 (decimal 280)
   defining Unicode char U+0119 (decimal 281)
   defining Unicode char U+011A (decimal 282)
   defining Unicode char U+011B (decimal 283)
   defining Unicode char U+011E (decimal 286)
   defining Unicode char U+011F (decimal 287)
   defining Unicode char U+0130 (decimal 304)
   defining Unicode char U+0131 (decimal 305)
   defining Unicode char U+0132 (decimal 306)
   defining Unicode char U+0133 (decimal 307)
   defining Unicode char U+0139 (decimal 313)
   defining Unicode char U+013A (decimal 314)
   defining Unicode char U+013D (decimal 317)
   defining Unicode char U+013E (decimal 318)
   defining Unicode char U+0141 (decimal 321)
   defining Unicode char U+0142 (decimal 322)
   defining Unicode char U+0143 (decimal 323)
   defining Unicode char U+0144 (decimal 324)
   defining Unicode char U+0147 (decimal 327)
   defining Unicode char U+0148 (decimal 328)
   defining Unicode char U+014A (decimal 330)
   defining Unicode char U+014B (decimal 331)
   defining Unicode char U+0150 (decimal 336)
   defining Unicode char U+0151 (decimal 337)
   defining Unicode char U+0152 (decimal 338)
   defining Unicode char U+0153 (decimal 339)
   defining Unicode char U+0154 (decimal 340)
   defining Unicode char U+0155 (decimal 341)
   defining Unicode char U+0158 (decimal 344)
   defining Unicode char U+0159 (decimal 345)
   defining Unicode char U+015A (decimal 346)
   defining Unicode char U+015B (decimal 347)
   defining Unicode char U+015E (decimal 350)
   defining Unicode char U+015F (decimal 351)
   defining Unicode char U+0160 (decimal 352)
   defining Unicode char U+0161 (decimal 353)
   defining Unicode char U+0162 (decimal 354)
   defining Unicode char U+0163 (decimal 355)
   defining Unicode char U+0164 (decimal 356)
   defining Unicode char U+0165 (decimal 357)
   defining Unicode char U+016E (decimal 366)
   defining Unicode char U+016F (decimal 367)
   defining Unicode char U+0170 (decimal 368)
   defining Unicode char U+0171 (decimal 369)
   defining Unicode char U+0178 (decimal 376)
   defining Unicode char U+0179 (decimal 377)
   defining Unicode char U+017A (decimal 378)
   defining Unicode char U+017B (decimal 379)
   defining Unicode char U+017C (decimal 380)
   defining Unicode char U+017D (decimal 381)
   defining Unicode char U+017E (decimal 382)
   defining Unicode char U+200C (decimal 8204)
   defining Unicode char U+2013 (decimal 8211)
   defining Unicode char U+2014 (decimal 8212)
   defining Unicode char U+2018 (decimal 8216)
   defining Unicode char U+2019 (decimal 8217)
   defining Unicode char U+201A (decimal 8218)
   defining Unicode char U+201C (decimal 8220)
   defining Unicode char U+201D (decimal 8221)
   defining Unicode char U+201E (decimal 8222)
   defining Unicode char U+2030 (decimal 8240)
   defining Unicode char U+2031 (decimal 8241)
   defining Unicode char U+2039 (decimal 8249)
   defining Unicode char U+203A (decimal 8250)
   defining Unicode char U+2423 (decimal 9251)
)
Now handling font encoding OT1 ...
... processing UTF-8 mapping file for font encoding OT1

(/usr/share/texlive/texmf-dist/tex/latex/base/ot1enc.dfu
File: ot1enc.dfu 2008/04/05 v1.1m UTF-8 support for inputenc
   defining Unicode char U+00A1 (decimal 161)
   defining Unicode char U+00A3 (decimal 163)
   defining Unicode char U+00B8 (decimal 184)
   defining Unicode char U+00BF (decimal 191)
   defining Unicode char U+00C5 (decimal 197)
   defining Unicode char U+00C6 (decimal 198)
   defining Unicode char U+00D8 (decimal 216)
   defining Unicode char U+00DF (decimal 223)
   defining Unicode char U+00E6 (decimal 230)
   defining Unicode char U+00EC (decimal 236)
   defining Unicode char U+00ED (decimal 237)
   defining Unicode char U+00EE (decimal 238)
   defining Unicode char U+00EF (decimal 239)
   defining Unicode char U+00F8 (decimal 248)
   defining Unicode char U+0131 (decimal 305)
   defining Unicode char U+0141 (decimal 321)
   defining Unicode char U+0142 (decimal 322)
   defining Unicode char U+0152 (decimal 338)
   defining Unicode char U+0153 (decimal 339)
   defining Unicode char U+2013 (decimal 8211)
   defining Unicode char U+2014 (decimal 8212)
   defining Unicode char U+2018 (decimal 8216)
   defining Unicode char U+2019 (decimal 8217)
   defining Unicode char U+201C (decimal 8220)
   defining Unicode char U+201D (decimal 8221)
)
Now handling font encoding OMS ...
... processing UTF-8 mapping file for font encoding OMS

(/usr/share/texlive/texmf-dist/tex/latex/base/omsenc.dfu
File: omsenc.dfu 2008/04/05 v1.1m UTF-8 support for inputenc
   defining Unicode char U+00A7 (decimal 167)
   defining Unicode char U+00B6 (decimal 182)
   defining Unicode char U+00B7 (decimal 183)
   defining Unicode char U+2020 (decimal 8224)
   defining Unicode char U+2021 (decimal 8225)
   defining Unicode char U+2022 (decimal 8226)
)
Now handling font encoding OMX ...
... no UTF-8 mapping file for font encoding OMX
Now handling font encoding U ...
... no UTF-8 mapping file for font encoding U
   defining Unicode char U+00A9 (decimal 169)
   defining Unicode char U+00AA (decimal 170)
   defining Unicode char U+00AE (decimal 174)
   defining Unicode char U+00BA (decimal 186)
   defining Unicode char U+02C6 (decimal 710)
   defining Unicode char U+02DC (decimal 732)
   defining Unicode char U+200C (decimal 8204)
   defining Unicode char U+2026 (decimal 8230)
   defining Unicode char U+2122 (decimal 8482)
   defining Unicode char U+2423 (decimal 9251)
))
(/usr/share/texlive/texmf-dist/tex/latex/graphics/color.sty
Package: color 2005/11/14 v1.0j Standard LaTeX Color (DPC)

(/usr/share/texlive/texmf-dist/tex/latex/latexconfig/color.cfg
File: color.cfg 2007/01/18 v1.5 color configuration of teTeX/TeXLive
)
Package color Info: Driver file: pdftex.def on input line 130.

(/usr/share/texlive/texmf-dist/tex/latex/pdftex-def/pdftex.def
File: pdftex.def 2011/05/27 v0.06d Graphics/color for pdfTeX

(/usr/share/texlive/texmf-dist/tex/generic/oberdiek/infwarerr.sty
Package: infwarerr 2010/04/08 v1.3 Providing info/warning/error messages (HO)
)
(/usr/share/texlive/texmf-dist/tex/generic/oberdiek/ltxcmds.sty
Package: ltxcmds 2011/11/09 v1.22 LaTeX kernel commands for general use (HO)
)
\Gread@gobject=\count101
)
(/usr/share/texlive/texmf-dist/tex/latex/graphics/dvipsnam.def
File: dvipsnam.def 1999/02/16 v3.0i Driver-dependant file (DPC,SPQR)
))
(/usr/share/texlive/texmf-dist/tex/latex/hyperref/hyperref.sty
Package: hyperref 2012/05/13 v6.82q Hypertext links for LaTeX

(/usr/share/texlive/texmf-dist/tex/generic/oberdiek/hobsub-hyperref.sty
Package: hobsub-hyperref 2012/05/28 v1.13 Bundle oberdiek, subset hyperref (HO)


(/usr/share/texlive/texmf-dist/tex/generic/oberdiek/hobsub-generic.sty
Package: hobsub-generic 2012/05/28 v1.13 Bundle oberdiek, subset generic (HO)
Package: hobsub 2012/05/28 v1.13 Construct package bundles (HO)
Package hobsub Info: Skipping package `infwarerr' (already loaded).
Package hobsub Info: Skipping package `ltxcmds' (already loaded).
Package: ifluatex 2010/03/01 v1.3 Provides the ifluatex switch (HO)
Package ifluatex Info: LuaTeX not detected.
Package: ifvtex 2010/03/01 v1.5 Detect VTeX and its facilities (HO)
Package ifvtex Info: VTeX not detected.
Package: intcalc 2007/09/27 v1.1 Expandable calculations with integers (HO)
Package: ifpdf 2011/01/30 v2.3 Provides the ifpdf switch (HO)
Package ifpdf Info: pdfTeX in PDF mode is detected.
Package: etexcmds 2011/02/16 v1.5 Avoid name clashes with e-TeX commands (HO)
Package etexcmds Info: Could not find \expanded.
(etexcmds)             That can mean that you are not using pdfTeX 1.50 or
(etexcmds)             that some package has redefined \expanded.
(etexcmds)             In the latter case, load this package earlier.
Package: kvsetkeys 2012/04/25 v1.16 Key value parser (HO)
Package: kvdefinekeys 2011/04/07 v1.3 Define keys (HO)
Package: pdftexcmds 2011/11/29 v0.20 Utility functions of pdfTeX for LuaTeX (HO
)
Package pdftexcmds Info: LuaTeX not detected.
Package pdftexcmds Info: \pdf@primitive is available.
Package pdftexcmds Info: \pdf@ifprimitive is available.
Package pdftexcmds Info: \pdfdraftmode found.
Package: pdfescape 2011/11/25 v1.13 Implements pdfTeX's escape features (HO)
Package: bigintcalc 2012/04/08 v1.3 Expandable calculations on big integers (HO
)
Package: bitset 2011/01/30 v1.1 Handle bit-vector datatype (HO)
Package: uniquecounter 2011/01/30 v1.2 Provide unlimited unique counter (HO)
)
Package hobsub Info: Skipping package `hobsub' (already loaded).
Package: letltxmacro 2010/09/02 v1.4 Let assignment for LaTeX macros (HO)
Package: hopatch 2012/05/28 v1.2 Wrapper for package hooks (HO)
Package: xcolor-patch 2011/01/30 xcolor patch
Package: atveryend 2011/06/30 v1.8 Hooks at the very end of document (HO)
Package atveryend Info: \enddocument detected (standard20110627).
Package: atbegshi 2011/10/05 v1.16 At begin shipout hook (HO)
Package: refcount 2011/10/16 v3.4 Data extraction from label references (HO)
Package: hycolor 2011/01/30 v1.7 Color options for hyperref/bookmark (HO)
)
(/usr/share/texlive/texmf-dist/tex/latex/graphics/keyval.sty
Package: keyval 1999/03/16 v1.13 key=value parser (DPC)
\KV@toks@=\toks22
)
(/usr/share/texlive/texmf-dist/tex/generic/ifxetex/ifxetex.sty
Package: ifxetex 2010/09/12 v0.6 Provides ifxetex conditional
)
(/usr/share/texlive/texmf-dist/tex/latex/oberdiek/kvoptions.sty
Package: kvoptions 2011/06/30 v3.11 Key value format for package options (HO)
)
\@linkdim=\dimen117
\Hy@linkcounter=\count102
\Hy@pagecounter=\count103

(/usr/share/texlive/texmf-dist/tex/latex/hyperref/pd1enc.def
File: pd1enc.def 2012/05/13 v6.82q Hyperref: PDFDocEncoding definition (HO)
Now handling font encoding PD1 ...
... no UTF-8 mapping file for font encoding PD1
)
\Hy@SavedSpaceFactor=\count104

(/usr/share/texlive/texmf-dist/tex/latex/latexconfig/hyperref.cfg
File: hyperref.cfg 2002/06/06 v1.2 hyperref configuration of TeXLive
)
Package hyperref Info: Option `draft' set `false' on input line 3941.
Package hyperref Info: Option `pdfpagelabels' set `false' on input line 3941.
Package hyperref Info: Option `colorlinks' set `true' on input line 3941.
Package hyperref Info: Option `bookmarks' set `true' on input line 3941.
Package hyperref Info: Option `bookmarksopen' set `true' on input line 3941.
Package hyperref Info: Option `bookmarksnumbered' set `true' on input line 3941
.
Package hyperref Info: Option `unicode' set `true' on input line 3941.

(/usr/share/texlive/texmf-dist/tex/latex/hyperref/puenc.def
File: puenc.def 2012/05/13 v6.82q Hyperref: PDF Unicode definition (HO)
Now handling font encoding PU ...
... no UTF-8 mapping file for font encoding PU
)
Package hyperref Info: Hyper figures OFF on input line 4062.
Package hyperref Info: Link nesting OFF on input line 4067.
Package hyperref Info: Hyper index ON on input line 4070.
Package hyperref Info: Plain pages OFF on input line 4077.
Package hyperref Info: Backreferencing OFF on input line 4082.
Package hyperref Info: Implicit mode ON; LaTeX internals redefined.
Package hyperref Info: Bookmarks ON on input line 4300.
\c@Hy@tempcnt=\count105

(/usr/share/texlive/texmf-dist/tex/latex/url/url.sty
\Urlmuskip=\muskip11
Package: url 2006/04/12  ver 3.3  Verb mode for urls, etc.
)
LaTeX Info: Redefining \url on input line 4653.
\Fld@menulength=\count106
\Field@Width=\dimen118
\Fld@charsize=\dimen119
Package hyperref Info: Hyper figures OFF on input line 5773.
Package hyperref Info: Link nesting OFF on input line 5778.
Package hyperref Info: Hyper index ON on input line 5781.
Package hyperref Info: backreferencing OFF on input line 5788.
Package hyperref Info: Link coloring ON on input line 5791.
Package hyperref Info: Link coloring with OCG OFF on input line 5798.
Package hyperref Info: PDF/A mode OFF on input line 5803.
LaTeX Info: Redefining \ref on input line 5843.
LaTeX Info: Redefining \pageref on input line 5847.
\c@Item=\count107
\c@Hfootnote=\count108
)

Package hyperref Message: Driver: hpdftex.

(/usr/share/texlive/texmf-dist/tex/latex/hyperref/hpdftex.def
File: hpdftex.def 2012/05/13 v6.82q Hyperref driver for pdfTeX
\Fld@listcount=\count109
\c@bookmark@seq@number=\count110

(/usr/share/texlive/texmf-dist/tex/latex/oberdiek/rerunfilecheck.sty
Package: rerunfilecheck 2011/04/15 v1.7 Rerun checks for auxiliary files (HO)
Package uniquecounter Info: New unique counter `rerunfilecheck' on input line 2
82.
)
\Hy@SectionHShift=\skip46
)
(/usr/share/texlive/texmf-dist/tex/latex/natbib/natbib.sty
Package: natbib 2010/09/13 8.31b (PWD, AO)
\bibhang=\skip47
\bibsep=\skip48
LaTeX Info: Redefining \cite on input line 694.
\c@NAT@ctr=\count111
)
(/usr/share/texlive/texmf-dist/tex/latex/extsizes/extsizes.sty
Package: extsizes 1996/10/08 v1.0 Non Standard LaTeX Package


Package ExtSizes Warning: It is better to use one of the extsizes classes,
 if you can.

(/usr/share/texlive/texmf-dist/tex/latex/base/size12.clo
File: size12.clo 2007/10/19 v1.4h Standard LaTeX file (size option)
))
(/usr/share/texlive/texmf-dist/tex/latex/graphics/graphicx.sty
Package: graphicx 1999/02/16 v1.0f Enhanced LaTeX Graphics (DPC,SPQR)

(/usr/share/texlive/texmf-dist/tex/latex/graphics/graphics.sty
Package: graphics 2009/02/05 v1.0o Standard LaTeX Graphics (DPC,SPQR)

(/usr/share/texlive/texmf-dist/tex/latex/graphics/trig.sty
Package: trig 1999/03/16 v1.09 sin cos tan (DPC)
)
(/usr/share/texlive/texmf-dist/tex/latex/latexconfig/graphics.cfg
File: graphics.cfg 2010/04/23 v1.9 graphics configuration of TeX Live
)
Package graphics Info: Driver file: pdftex.def on input line 91.
)
\Gin@req@height=\dimen120
\Gin@req@width=\dimen121
)
(/usr/share/texlive/texmf-dist/tex/latex/geometry/geometry.sty
Package: geometry 2010/09/12 v5.6 Page Geometry
\Gm@cnth=\count112
\Gm@cntv=\count113
\c@Gm@tempcnt=\count114
\Gm@bindingoffset=\dimen122
\Gm@wd@mp=\dimen123
\Gm@odd@mp=\dimen124
\Gm@even@mp=\dimen125
\Gm@layoutwidth=\dimen126
\Gm@layoutheight=\dimen127
\Gm@layouthoffset=\dimen128
\Gm@layoutvoffset=\dimen129
\Gm@dimlist=\toks23
)
(/usr/share/texlive/texmf-dist/tex/latex/rotating/rotating.sty
Package: rotating 2009/03/28 v2.16a rotated objects in LaTeX

(/usr/share/texlive/texmf-dist/tex/latex/base/ifthen.sty
Package: ifthen 2001/05/26 v1.1c Standard LaTeX ifthen package (DPC)
)
\c@r@tfl@t=\count115
\rotFPtop=\skip49
\rotFPbot=\skip50
\rot@float@box=\box28
\rot@mess@toks=\toks24
)
(/usr/share/texmf/tex/latex/pgf/frontendlayer/tikz.sty
(/usr/share/texmf/tex/latex/pgf/basiclayer/pgf.sty
(/usr/share/texmf/tex/latex/pgf/utilities/pgfrcs.sty
(/usr/share/texmf/tex/generic/pgf/utilities/pgfutil-common.tex
\pgfutil@everybye=\toks25
)
(/usr/share/texmf/tex/generic/pgf/utilities/pgfutil-latex.def
\pgfutil@abb=\box29

(/usr/share/texlive/texmf-dist/tex/latex/ms/everyshi.sty
Package: everyshi 2001/05/15 v3.00 EveryShipout Package (MS)
))
(/usr/share/texmf/tex/generic/pgf/utilities/pgfrcs.code.tex
Package: pgfrcs 2010/10/25 v2.10 (rcs-revision 1.24)
))
Package: pgf 2008/01/15 v2.10 (rcs-revision 1.12)

(/usr/share/texmf/tex/latex/pgf/basiclayer/pgfcore.sty
(/usr/share/texmf/tex/latex/pgf/systemlayer/pgfsys.sty
(/usr/share/texmf/tex/generic/pgf/systemlayer/pgfsys.code.tex
Package: pgfsys 2010/06/30 v2.10 (rcs-revision 1.37)

(/usr/share/texmf/tex/generic/pgf/utilities/pgfkeys.code.tex
\pgfkeys@pathtoks=\toks26
\pgfkeys@temptoks=\toks27

(/usr/share/texmf/tex/generic/pgf/utilities/pgfkeysfiltered.code.tex
\pgfkeys@tmptoks=\toks28
))
\pgf@x=\dimen130
\pgf@y=\dimen131
\pgf@xa=\dimen132
\pgf@ya=\dimen133
\pgf@xb=\dimen134
\pgf@yb=\dimen135
\pgf@xc=\dimen136
\pgf@yc=\dimen137
\w@pgf@writea=\write3
\r@pgf@reada=\read1
\c@pgf@counta=\count116
\c@pgf@countb=\count117
\c@pgf@countc=\count118
\c@pgf@countd=\count119

(/usr/share/texmf/tex/generic/pgf/systemlayer/pgf.cfg
File: pgf.cfg 2008/05/14  (rcs-revision 1.7)
)
Package pgfsys Info: Driver file for pgf: pgfsys-pdftex.def on input line 900.

(/usr/share/texmf/tex/generic/pgf/systemlayer/pgfsys-pdftex.def
File: pgfsys-pdftex.def 2009/05/22  (rcs-revision 1.26)

(/usr/share/texmf/tex/generic/pgf/systemlayer/pgfsys-common-pdf.def
File: pgfsys-common-pdf.def 2008/05/19  (rcs-revision 1.10)
)))
(/usr/share/texmf/tex/generic/pgf/systemlayer/pgfsyssoftpath.code.tex
File: pgfsyssoftpath.code.tex 2008/07/18  (rcs-revision 1.7)
\pgfsyssoftpath@smallbuffer@items=\count120
\pgfsyssoftpath@bigbuffer@items=\count121
)
(/usr/share/texmf/tex/generic/pgf/systemlayer/pgfsysprotocol.code.tex
File: pgfsysprotocol.code.tex 2006/10/16  (rcs-revision 1.4)
))
(/usr/share/texmf/tex/latex/xcolor/xcolor.sty
Package: xcolor 2007/01/21 v2.11 LaTeX color extensions (UK)

(/usr/share/texlive/texmf-dist/tex/latex/latexconfig/color.cfg
File: color.cfg 2007/01/18 v1.5 color configuration of teTeX/TeXLive
)
Package xcolor Info: Driver file: pdftex.def on input line 225.
LaTeX Info: Redefining \color on input line 702.
Package xcolor Info: Model `cmy' substituted by `cmy0' on input line 1337.
Package xcolor Info: Model `hsb' substituted by `rgb' on input line 1341.
Package xcolor Info: Model `RGB' extended on input line 1353.
Package xcolor Info: Model `HTML' substituted by `rgb' on input line 1355.
Package xcolor Info: Model `Hsb' substituted by `hsb' on input line 1356.
Package xcolor Info: Model `tHsb' substituted by `hsb' on input line 1357.
Package xcolor Info: Model `HSB' substituted by `hsb' on input line 1358.
Package xcolor Info: Model `Gray' substituted by `gray' on input line 1359.
Package xcolor Info: Model `wave' substituted by `hsb' on input line 1360.
)
(/usr/share/texmf/tex/generic/pgf/basiclayer/pgfcore.code.tex
Package: pgfcore 2010/04/11 v2.10 (rcs-revision 1.7)

(/usr/share/texmf/tex/generic/pgf/math/pgfmath.code.tex
(/usr/share/texmf/tex/generic/pgf/math/pgfmathcalc.code.tex
(/usr/share/texmf/tex/generic/pgf/math/pgfmathutil.code.tex)
(/usr/share/texmf/tex/generic/pgf/math/pgfmathparser.code.tex
\pgfmath@dimen=\dimen138
\pgfmath@count=\count122
\pgfmath@box=\box30
\pgfmath@toks=\toks29
\pgfmath@stack@operand=\toks30
\pgfmath@stack@operation=\toks31
)
(/usr/share/texmf/tex/generic/pgf/math/pgfmathfunctions.code.tex
(/usr/share/texmf/tex/generic/pgf/math/pgfmathfunctions.basic.code.tex)
(/usr/share/texmf/tex/generic/pgf/math/pgfmathfunctions.trigonometric.code.tex)
(/usr/share/texmf/tex/generic/pgf/math/pgfmathfunctions.random.code.tex)
(/usr/share/texmf/tex/generic/pgf/math/pgfmathfunctions.comparison.code.tex)
(/usr/share/texmf/tex/generic/pgf/math/pgfmathfunctions.base.code.tex)
(/usr/share/texmf/tex/generic/pgf/math/pgfmathfunctions.round.code.tex)
(/usr/share/texmf/tex/generic/pgf/math/pgfmathfunctions.misc.code.tex)))
(/usr/share/texmf/tex/generic/pgf/math/pgfmathfloat.code.tex
\c@pgfmathroundto@lastzeros=\count123
))
(/usr/share/texmf/tex/generic/pgf/basiclayer/pgfcorepoints.code.tex
File: pgfcorepoints.code.tex 2010/04/09  (rcs-revision 1.20)
\pgf@picminx=\dimen139
\pgf@picmaxx=\dimen140
\pgf@picminy=\dimen141
\pgf@picmaxy=\dimen142
\pgf@pathminx=\dimen143
\pgf@pathmaxx=\dimen144
\pgf@pathminy=\dimen145
\pgf@pathmaxy=\dimen146
\pgf@xx=\dimen147
\pgf@xy=\dimen148
\pgf@yx=\dimen149
\pgf@yy=\dimen150
\pgf@zx=\dimen151
\pgf@zy=\dimen152
)
(/usr/share/texmf/tex/generic/pgf/basiclayer/pgfcorepathconstruct.code.tex
File: pgfcorepathconstruct.code.tex 2010/08/03  (rcs-revision 1.24)
\pgf@path@lastx=\dimen153
\pgf@path@lasty=\dimen154
)
(/usr/share/texmf/tex/generic/pgf/basiclayer/pgfcorepathusage.code.tex
File: pgfcorepathusage.code.tex 2008/04/22  (rcs-revision 1.12)
\pgf@shorten@end@additional=\dimen155
\pgf@shorten@start@additional=\dimen156
)
(/usr/share/texmf/tex/generic/pgf/basiclayer/pgfcorescopes.code.tex
File: pgfcorescopes.code.tex 2010/09/08  (rcs-revision 1.34)
\pgfpic=\box31
\pgf@hbox=\box32
\pgf@layerbox@main=\box33
\pgf@picture@serial@count=\count124
)
(/usr/share/texmf/tex/generic/pgf/basiclayer/pgfcoregraphicstate.code.tex
File: pgfcoregraphicstate.code.tex 2008/04/22  (rcs-revision 1.9)
\pgflinewidth=\dimen157
)
(/usr/share/texmf/tex/generic/pgf/basiclayer/pgfcoretransformations.code.tex
File: pgfcoretransformations.code.tex 2009/06/10  (rcs-revision 1.11)
\pgf@pt@x=\dimen158
\pgf@pt@y=\dimen159
\pgf@pt@temp=\dimen160
)
(/usr/share/texmf/tex/generic/pgf/basiclayer/pgfcorequick.code.tex
File: pgfcorequick.code.tex 2008/10/09  (rcs-revision 1.3)
)
(/usr/share/texmf/tex/generic/pgf/basiclayer/pgfcoreobjects.code.tex
File: pgfcoreobjects.code.tex 2006/10/11  (rcs-revision 1.2)
)
(/usr/share/texmf/tex/generic/pgf/basiclayer/pgfcorepathprocessing.code.tex
File: pgfcorepathprocessing.code.tex 2008/10/09  (rcs-revision 1.8)
)
(/usr/share/texmf/tex/generic/pgf/basiclayer/pgfcorearrows.code.tex
File: pgfcorearrows.code.tex 2008/04/23  (rcs-revision 1.11)
)
(/usr/share/texmf/tex/generic/pgf/basiclayer/pgfcoreshade.code.tex
File: pgfcoreshade.code.tex 2008/11/23  (rcs-revision 1.13)
\pgf@max=\dimen161
\pgf@sys@shading@range@num=\count125
)
(/usr/share/texmf/tex/generic/pgf/basiclayer/pgfcoreimage.code.tex
File: pgfcoreimage.code.tex 2010/03/25  (rcs-revision 1.16)

(/usr/share/texmf/tex/generic/pgf/basiclayer/pgfcoreexternal.code.tex
File: pgfcoreexternal.code.tex 2010/09/01  (rcs-revision 1.17)
\pgfexternal@startupbox=\box34
))
(/usr/share/texmf/tex/generic/pgf/basiclayer/pgfcorelayers.code.tex
File: pgfcorelayers.code.tex 2010/08/27  (rcs-revision 1.2)
)
(/usr/share/texmf/tex/generic/pgf/basiclayer/pgfcoretransparency.code.tex
File: pgfcoretransparency.code.tex 2008/01/17  (rcs-revision 1.2)
)
(/usr/share/texmf/tex/generic/pgf/basiclayer/pgfcorepatterns.code.tex
File: pgfcorepatterns.code.tex 2009/07/02  (rcs-revision 1.3)
)))
(/usr/share/texmf/tex/generic/pgf/modules/pgfmoduleshapes.code.tex
File: pgfmoduleshapes.code.tex 2010/09/09  (rcs-revision 1.13)
\pgfnodeparttextbox=\box35
)
(/usr/share/texmf/tex/generic/pgf/modules/pgfmoduleplot.code.tex
File: pgfmoduleplot.code.tex 2010/10/22  (rcs-revision 1.8)
)
(/usr/share/texmf/tex/latex/pgf/compatibility/pgfcomp-version-0-65.sty
Package: pgfcomp-version-0-65 2007/07/03 v2.10 (rcs-revision 1.7)
\pgf@nodesepstart=\dimen162
\pgf@nodesepend=\dimen163
)
(/usr/share/texmf/tex/latex/pgf/compatibility/pgfcomp-version-1-18.sty
Package: pgfcomp-version-1-18 2007/07/23 v2.10 (rcs-revision 1.1)
))
(/usr/share/texmf/tex/latex/pgf/utilities/pgffor.sty
(/usr/share/texmf/tex/latex/pgf/utilities/pgfkeys.sty
(/usr/share/texmf/tex/generic/pgf/utilities/pgfkeys.code.tex))
(/usr/share/texmf/tex/generic/pgf/utilities/pgffor.code.tex
Package: pgffor 2010/03/23 v2.10 (rcs-revision 1.18)
\pgffor@iter=\dimen164
\pgffor@skip=\dimen165
\pgffor@stack=\toks32
\pgffor@toks=\toks33
))
(/usr/share/texmf/tex/generic/pgf/frontendlayer/tikz/tikz.code.tex
Package: tikz 2010/10/13 v2.10 (rcs-revision 1.76)

(/usr/share/texmf/tex/generic/pgf/libraries/pgflibraryplothandlers.code.tex
File: pgflibraryplothandlers.code.tex 2010/05/31 v2.10 (rcs-revision 1.15)
\pgf@plot@mark@count=\count126
\pgfplotmarksize=\dimen166
)
\tikz@lastx=\dimen167
\tikz@lasty=\dimen168
\tikz@lastxsaved=\dimen169
\tikz@lastysaved=\dimen170
\tikzleveldistance=\dimen171
\tikzsiblingdistance=\dimen172
\tikz@figbox=\box36
\tikz@tempbox=\box37
\tikztreelevel=\count127
\tikznumberofchildren=\count128
\tikznumberofcurrentchild=\count129
\tikz@fig@count=\count130

(/usr/share/texmf/tex/generic/pgf/modules/pgfmodulematrix.code.tex
File: pgfmodulematrix.code.tex 2010/08/24  (rcs-revision 1.4)
\pgfmatrixcurrentrow=\count131
\pgfmatrixcurrentcolumn=\count132
\pgf@matrix@numberofcolumns=\count133
)
\tikz@expandcount=\count134

(/usr/share/texmf/tex/generic/pgf/frontendlayer/tikz/libraries/tikzlibrarytopat
hs.code.tex
File: tikzlibrarytopaths.code.tex 2008/06/17 v2.10 (rcs-revision 1.2)
))) (/usr/share/texlive/texmf-dist/tex/latex/todo/todo.sty
Package: todo 2010/03/31 v2.4142 To-do list (Federico Garcia)
\@todotoks=\toks34
\c@todo=\count135
)
(/usr/share/texlive/texmf-dist/tex/latex/circ/circ.sty
Package: circ 1997/04/23 v1.0d for typeset circuit diagrams
\X*max=\dimen173
\X*min=\dimen174
\*X*=\dimen175
\*Y*=\dimen176
\**X=\dimen177
\**Y=\dimen178
\***X=\dimen179
\***Y=\dimen180
\*bbox=\box38
\box*=\box39
\ic*=\dimen181
\ht*=\dimen182
\wd*=\dimen183
\dp*=\dimen184
\cc*=\count136
\*spc=\dimen185
\ldd*=\toks35
\rud*=\toks36
\llpos*=\toks37
\ldpos*=\toks38
\rlpos*=\toks39
\rdpos*=\toks40
\ulpos*=\toks41
\udpos*=\toks42
\dlpos*=\toks43
\ddpos*=\toks44
\cnta*=\count137
\cntb*=\count138
\name*=\toks45
\ld*pin=\toks46
\ru*pin=\toks47
\m*pin=\toks48
\rmacros=\toks49
\outerspace=\dimen186
\*Ilist=\toks50
\*Olist=\toks51
\pin*spc=\dimen187
\pin*ind=\dimen188
\io*ind=\dimen189
\mid*ind=\dimen190
\pinnum*spc=\dimen191
\CIRCfinit=\toks52

(/usr/share/texlive/texmf-dist/tex/latex/circ/basic.def
File: basic.def 
)
(/usr/share/texlive/texmf-dist/tex/latex/circ/physics.def))
(/usr/share/texlive/texmf-dist/tex/latex/titlesec/titlesec.sty
Package: titlesec 2011/12/15 v2.10.0 Sectioning titles
\ttl@box=\box40
\beforetitleunit=\skip51
\aftertitleunit=\skip52
\ttl@plus=\dimen192
\ttl@minus=\dimen193
\ttl@toksa=\toks53
\titlewidth=\dimen194
\titlewidthlast=\dimen195
\titlewidthfirst=\dimen196
)
(/usr/share/texlive/texmf-dist/tex/latex/tocloft/tocloft.sty
Package: tocloft 2010/10/13 v2.3e parameterised ToC, etc., typesetting
Package tocloft Info: The document has chapter divisions on input line 43.
\cftparskip=\skip53
\cftbeforetoctitleskip=\skip54
\cftaftertoctitleskip=\skip55
\cftbeforepartskip=\skip56
\cftpartnumwidth=\skip57
\cftpartindent=\skip58
\cftbeforechapskip=\skip59
\cftchapindent=\skip60
\cftchapnumwidth=\skip61
\cftbeforesecskip=\skip62
\cftsecindent=\skip63
\cftsecnumwidth=\skip64
\cftbeforesubsecskip=\skip65
\cftsubsecindent=\skip66
\cftsubsecnumwidth=\skip67
\cftbeforesubsubsecskip=\skip68
\cftsubsubsecindent=\skip69
\cftsubsubsecnumwidth=\skip70
\cftbeforeparaskip=\skip71
\cftparaindent=\skip72
\cftparanumwidth=\skip73
\cftbeforesubparaskip=\skip74
\cftsubparaindent=\skip75
\cftsubparanumwidth=\skip76
\cftbeforeloftitleskip=\skip77
\cftafterloftitleskip=\skip78
\cftbeforefigskip=\skip79
\cftfigindent=\skip80
\cftfignumwidth=\skip81
\c@lofdepth=\count139
\c@lotdepth=\count140
\cftbeforelottitleskip=\skip82
\cftafterlottitleskip=\skip83
\cftbeforetabskip=\skip84
\cfttabindent=\skip85
\cfttabnumwidth=\skip86
)
(/usr/share/texlive/texmf-dist/tex/latex/expdlist/expdlist.sty
Document Substyle `EXPDLIST'. Released 22.09.1999 (V 2.4)
English Documentation  22.09.99
\listpartsep=\skip87
) (/usr/share/texlive/texmf-dist/tex/latex/base/flafter.sty
Package: flafter 2000/07/23 v1.2i Standard LaTeX floats after reference (FMi)
)
(/usr/share/texlive/texmf-dist/tex/latex/tools/array.sty
Package: array 2008/09/09 v2.4c Tabular extension package (FMi)
\col@sep=\dimen197
\extrarowheight=\dimen198
\NC@list=\toks54
\extratabsurround=\skip88
\backup@length=\skip89
)
(/usr/share/texlive/texmf-dist/tex/latex/listings/listings.sty
\lst@mode=\count141
\lst@gtempboxa=\box41
\lst@token=\toks55
\lst@length=\count142
\lst@currlwidth=\dimen199
\lst@column=\count143
\lst@pos=\count144
\lst@lostspace=\dimen200
\lst@width=\dimen201
\lst@newlines=\count145
\lst@lineno=\count146
\lst@maxwidth=\dimen202

(/usr/share/texlive/texmf-dist/tex/latex/listings/lstmisc.sty
File: lstmisc.sty 2007/02/22 1.4 (Carsten Heinz)
\c@lstnumber=\count147
\lst@skipnumbers=\count148
\lst@framebox=\box42
)
(/usr/share/texlive/texmf-dist/tex/latex/listings/listings.cfg
File: listings.cfg 2007/02/22 1.4 listings configuration
))
Package: listings 2007/02/22 1.4 (Carsten Heinz)

(/usr/share/texlive/texmf-dist/tex/latex/caption/caption.sty
Package: caption 2012/02/19 v3.2f Customizing captions (AR)

(/usr/share/texlive/texmf-dist/tex/latex/caption/caption3.sty
Package: caption3 2012/01/12 v1.4b caption3 kernel (AR)
\captionmargin=\dimen203
\captionmargin@=\dimen204
\captionwidth=\dimen205
\caption@indent=\dimen206
\caption@parindent=\dimen207
\caption@hangindent=\dimen208
)
\c@ContinuedFloat=\count149
Package caption Info: hyperref package is loaded.
Package caption Info: listings package is loaded.
Package caption Info: rotating package is loaded.
)
(/usr/share/texlive/texmf-dist/tex/latex/appendix/appendix.sty
Package: appendix 2009/09/02 v1.2b extra appendix facilities
\c@@pps=\count150
\c@@ppsavesec=\count151
\c@@ppsaveapp=\count152
) (./here.sty)
(/usr/share/texlive/texmf-dist/tex/latex/base/makeidx.sty
Package: makeidx 2000/03/29 v1.0m Standard LaTeX package
)
(/usr/share/texlive/texmf-dist/tex/latex/float/float.sty
Package: float 2001/11/08 v1.3d Float enhancements (AL)
\c@float@type=\count153
\float@exts=\toks56
\float@box=\box43
\@float@everytoks=\toks57
\@floatcapt=\box44
)
(/usr/share/texlive/texmf-dist/tex/latex/chngcntr/chngcntr.sty
Package: chngcntr 2009/09/02 v1.0a change counter resetting
)
(/usr/share/texlive/texmf-dist/tex/latex/braket/braket.sty)
(/usr/share/texlive/texmf-dist/tex/latex/caption/subcaption.sty
Package: subcaption 2012/01/12 v1.1d Sub-captions (AR)
\c@subfigure=\count154
\c@subtable=\count155
))
(./preambula_ustawienia.tex

Package geometry Warning: Over-specification in `v'-direction.
    `height' (722.7pt) is ignored.

) (./dokument.aux (./wstep.aux) (./rozdzial1/roz1.aux) (./rozdzial2/roz2.aux)
(./rozdzial3/roz3.aux) (./rozdzial4/roz4.aux) (./rozdzial5/roz5.aux)
(./rozdzial6/roz6.aux

LaTeX Warning: Label `rys:BJPsi' multiply defined.

) (./podsumowanie.aux))
\openout1 = `dokument.aux'.

LaTeX Font Info:    Checking defaults for OML/cmm/m/it on input line 9.
LaTeX Font Info:    ... okay on input line 9.
LaTeX Font Info:    Checking defaults for T1/cmr/m/n on input line 9.
LaTeX Font Info:    ... okay on input line 9.
LaTeX Font Info:    Checking defaults for OT1/cmr/m/n on input line 9.
LaTeX Font Info:    ... okay on input line 9.
LaTeX Font Info:    Checking defaults for OMS/cmsy/m/n on input line 9.
LaTeX Font Info:    ... okay on input line 9.
LaTeX Font Info:    Checking defaults for OMX/cmex/m/n on input line 9.
LaTeX Font Info:    ... okay on input line 9.
LaTeX Font Info:    Checking defaults for U/cmr/m/n on input line 9.
LaTeX Font Info:    ... okay on input line 9.
LaTeX Font Info:    Checking defaults for PD1/pdf/m/n on input line 9.
LaTeX Font Info:    ... okay on input line 9.
LaTeX Font Info:    Checking defaults for PU/pdf/m/n on input line 9.
LaTeX Font Info:    ... okay on input line 9.

(/usr/share/texlive/texmf-dist/tex/context/base/supp-pdf.mkii
[Loading MPS to PDF converter (version 2006.09.02).]
\scratchcounter=\count156
\scratchdimen=\dimen209
\scratchbox=\box45
\nofMPsegments=\count157
\nofMParguments=\count158
\everyMPshowfont=\toks58
\MPscratchCnt=\count159
\MPscratchDim=\dimen210
\MPnumerator=\count160
\makeMPintoPDFobject=\count161
\everyMPtoPDFconversion=\toks59
)
\AtBeginShipoutBox=\box46
Package hyperref Info: Link coloring ON on input line 9.
 (/usr/share/texlive/texmf-dist/tex/latex/hyperref/nameref.sty
Package: nameref 2010/04/30 v2.40 Cross-referencing by name of section

(/usr/share/texlive/texmf-dist/tex/generic/oberdiek/gettitlestring.sty
Package: gettitlestring 2010/12/03 v1.4 Cleanup title references (HO)
)
\c@section@level=\count162
)
LaTeX Info: Redefining \ref on input line 9.
LaTeX Info: Redefining \pageref on input line 9.
LaTeX Info: Redefining \nameref on input line 9.

(./dokument.out) (./dokument.out)
\@outlinefile=\write4
\openout4 = `dokument.out'.


(/usr/share/texlive/texmf-dist/tex/latex/oberdiek/epstopdf-base.sty
Package: epstopdf-base 2010/02/09 v2.5 Base part for package epstopdf

(/usr/share/texlive/texmf-dist/tex/latex/oberdiek/grfext.sty
Package: grfext 2010/08/19 v1.1 Manage graphics extensions (HO)
)
Package grfext Info: Graphics extension search list:
(grfext)             [.png,.pdf,.jpg,.mps,.jpeg,.jbig2,.jb2,.PNG,.PDF,.JPG,.JPE
G,.JBIG2,.JB2,.eps]
(grfext)             \AppendGraphicsExtensions on input line 452.

(/usr/share/texlive/texmf-dist/tex/latex/latexconfig/epstopdf-sys.cfg
File: epstopdf-sys.cfg 2010/07/13 v1.3 Configuration of (r)epstopdf for TeX Liv
e
))
*geometry* driver: auto-detecting
*geometry* detected driver: pdftex
*geometry* verbose mode - [ preamble ] result:
* driver: pdftex
* paper: a4paper
* layout: <same size as paper>
* layoutoffset:(h,v)=(0.0pt,0.0pt)
* modes: twoside 
* h-part:(L,W,R)=(56.9055pt, 483.69687pt, 56.9055pt)
* v-part:(T,H,B)=(71.13188pt, 702.78308pt, 71.13188pt)
* \paperwidth=597.50787pt
* \paperheight=845.04684pt
* \textwidth=483.69687pt
* \textheight=702.78308pt
* \oddsidemargin=-15.36449pt
* \evensidemargin=-15.36449pt
* \topmargin=-38.1381pt
* \headheight=12.0pt
* \headsep=25.0pt
* \topskip=12.0pt
* \footskip=30.0pt
* \marginparwidth=85.0pt
* \marginparsep=10.0pt
* \columnsep=10.0pt
* \skip\footins=10.8pt plus 4.0pt minus 2.0pt
* \hoffset=0.0pt
* \voffset=0.0pt
* \mag=1000
* \@twocolumnfalse
* \@twosidetrue
* \@mparswitchtrue
* \@reversemargintrue
* (1in=72.27pt=25.4mm, 1cm=28.453pt)

ABD: EveryShipout initializing macros
\c@lstlisting=\count163
Package caption Info: Begin \AtBeginDocument code.
Package caption Info: float package is loaded.
Package caption Info: End \AtBeginDocument code.
 (./4_str_mgr.tex
<agh_nzw_a_pl_1w_wbr_rgb_150ppi.jpg, id=212, 861.4584pt x 284.7438pt>
File: agh_nzw_a_pl_1w_wbr_rgb_150ppi.jpg Graphic file (type jpg)

<use agh_nzw_a_pl_1w_wbr_rgb_150ppi.jpg>
Package pdftex.def Info: agh_nzw_a_pl_1w_wbr_rgb_150ppi.jpg used on input line 
6.
(pdftex.def)             Requested size: 322.79636pt x 106.69783pt.
LaTeX Font Info:    Try loading font information for T1+cmss on input line 8.

(/usr/share/texlive/texmf-dist/tex/latex/base/t1cmss.fd
File: t1cmss.fd 1999/05/25 v2.5h Standard LaTeX font definitions
) [1

{/var/lib/texmf/fonts/map/pdftex/updmap/pdftex.map} <./agh_nzw_a_pl_1w_wbr_rgb_
150ppi.jpg>]
LaTeX Font Info:    Try loading font information for U+rsfs on input line 40.

(/usr/share/texlive/texmf-dist/tex/latex/jknapltx/ursfs.fd
File: ursfs.fd 1998/03/24 rsfs font definition file (jk)
)
LaTeX Font Info:    Try loading font information for U+msa on input line 40.

(/usr/share/texlive/texmf-dist/tex/latex/amsfonts/umsa.fd
File: umsa.fd 2009/06/22 v3.00 AMS symbols A
)
LaTeX Font Info:    Try loading font information for U+msb on input line 40.

(/usr/share/texlive/texmf-dist/tex/latex/amsfonts/umsb.fd
File: umsb.fd 2009/06/22 v3.00 AMS symbols B
)
Overfull \hbox (6.92433pt too wide) in paragraph at lines 40--45
 [] 
 []

[2]
Underfull \hbox (badness 10000) in paragraph at lines 57--59

 []

LaTeX Font Info:    Try loading font information for OMS+cmr on input line 76.
(/usr/share/texlive/texmf-dist/tex/latex/base/omscmr.fd
File: omscmr.fd 1999/05/25 v2.5h Standard LaTeX font definitions
)
LaTeX Font Info:    Font shape `OMS/cmr/m/n' in size <12> not available
(Font)              Font shape `OMS/cmsy/m/n' tried instead on input line 76.

Underfull \hbox (badness 10000) in paragraph at lines 88--90

 []

[3]) [4] [5] [6] (./podziekowania.tex) [7] (./dokument.toc
Underfull \vbox (badness 10000) has occurred while \output is active []

 [8]
Underfull \vbox (badness 2753) has occurred while \output is active []

 [9])
\tf@toc=\write5
\openout5 = `dokument.toc'.


[10] (./dokument.lof
Overfull \hbox (0.3915pt too wide) detected at line 3
\T1/cmr/m/n/12 1.3.1. 
 []


Overfull \hbox (0.3915pt too wide) detected at line 4
\T1/cmr/m/n/12 1.3.2. 
 []


Overfull \hbox (0.3915pt too wide) detected at line 5
\T1/cmr/m/n/12 1.3.3. 
 []


Overfull \hbox (0.3915pt too wide) detected at line 6
\T1/cmr/m/n/12 1.3.4. 
 []


Overfull \hbox (0.3915pt too wide) detected at line 8
\T1/cmr/m/n/12 2.1.1. 
 []


Overfull \hbox (0.3915pt too wide) detected at line 9
\T1/cmr/m/n/12 2.2.1. 
 []


Overfull \hbox (0.3915pt too wide) detected at line 10
\T1/cmr/m/n/12 2.2.2. 
 []


Overfull \hbox (0.3915pt too wide) detected at line 11
\T1/cmr/m/n/12 2.2.3. 
 []


Overfull \hbox (0.3915pt too wide) detected at line 12
\T1/cmr/m/n/12 2.2.4. 
 []


Overfull \hbox (0.3915pt too wide) detected at line 13
\T1/cmr/m/n/12 2.2.5. 
 []


Overfull \hbox (0.3915pt too wide) detected at line 14
\T1/cmr/m/n/12 2.2.6. 
 []


Overfull \hbox (0.3915pt too wide) detected at line 15
\T1/cmr/m/n/12 2.2.7. 
 []


Overfull \hbox (0.3915pt too wide) detected at line 16
\T1/cmr/m/n/12 2.2.8. 
 []


Overfull \hbox (0.3915pt too wide) detected at line 17
\T1/cmr/m/n/12 2.2.9. 
 []


Overfull \hbox (6.26506pt too wide) detected at line 18
\T1/cmr/m/n/12 2.2.10. 
 []


Overfull \hbox (6.26506pt too wide) detected at line 19
\T1/cmr/m/n/12 2.2.11. 
 []


Underfull \vbox (badness 10000) has occurred while \output is active []

 [11

]
Overfull \hbox (6.26506pt too wide) detected at line 20
\T1/cmr/m/n/12 2.2.12. 
 []


Overfull \hbox (6.26506pt too wide) detected at line 21
\T1/cmr/m/n/12 2.2.13. 
 []


Overfull \hbox (6.26506pt too wide) detected at line 22
\T1/cmr/m/n/12 2.2.14. 
 []


Overfull \hbox (6.26506pt too wide) detected at line 23
\T1/cmr/m/n/12 2.2.15. 
 []


Overfull \hbox (0.3915pt too wide) detected at line 25
\T1/cmr/m/n/12 3.2.1. 
 []


Overfull \hbox (0.3915pt too wide) detected at line 27
\T1/cmr/m/n/12 4.2.1. 
 []


Overfull \hbox (0.3915pt too wide) detected at line 29
\T1/cmr/m/n/12 5.2.1. 
 []


Overfull \hbox (0.3915pt too wide) detected at line 31
\T1/cmr/m/n/12 6.1.1. 
 []


Overfull \hbox (0.3915pt too wide) detected at line 32
\T1/cmr/m/n/12 6.2.1. 
 []


Overfull \hbox (0.3915pt too wide) detected at line 33
\T1/cmr/m/n/12 6.2.2. 
 []


Overfull \hbox (0.3915pt too wide) detected at line 34
\T1/cmr/m/n/12 6.2.3. 
 []


Overfull \hbox (0.3915pt too wide) detected at line 35
\T1/cmr/m/n/12 6.2.4. 
 []


Overfull \hbox (0.3915pt too wide) detected at line 36
\T1/cmr/m/n/12 6.2.5. 
 []


Overfull \hbox (0.3915pt too wide) detected at line 37
\T1/cmr/m/n/12 6.2.6. 
 []


Overfull \hbox (0.3915pt too wide) detected at line 38
\T1/cmr/m/n/12 6.2.7. 
 []


Underfull \vbox (badness 10000) has occurred while \output is active []

 [12]
Overfull \hbox (0.3915pt too wide) detected at line 39
\T1/cmr/m/n/12 6.2.8. 
 []


Overfull \hbox (0.3915pt too wide) detected at line 40
\T1/cmr/m/n/12 6.2.9. 
 []

)
\tf@lof=\write6
\openout6 = `dokument.lof'.

\c@licznikStron=\count164
 [13]
\openout2 = `wstep.aux'.

 (./wstep.tex
Underfull \vbox (badness 10000) has occurred while \output is active []

 [14


])
[15]
\openout2 = `rozdzial1/roz1.aux'.

 (./rozdzial1/roz1.tex
Rozdzia\l  1.

Underfull \vbox (badness 1043) has occurred while \output is active []

 [16



]
[17] <rozdzial1/CP.png, id=509, 621.32124pt x 425.59pt>
File: rozdzial1/CP.png Graphic file (type png)
 <use rozdzial1/CP.png>
Package pdftex.def Info: rozdzial1/CP.png used on input line 36.
(pdftex.def)             Requested size: 310.65987pt x 212.79446pt.

[18 <./rozdzial1/CP.png>] [19]
<rozdzial1/trojkat.png, id=546, 939.51pt x 528.97626pt>
File: rozdzial1/trojkat.png Graphic file (type png)

<use rozdzial1/trojkat.png>
Package pdftex.def Info: rozdzial1/trojkat.png used on input line 116.
(pdftex.def)             Requested size: 281.85518pt x 158.69409pt.
 [20 <./rozdzial1/trojkat.png>]
<rozdzial1/triangle.png, id=562, 569.12625pt x 568.1225pt>
File: rozdzial1/triangle.png Graphic file (type png)

<use rozdzial1/triangle.png>
Package pdftex.def Info: rozdzial1/triangle.png used on input line 137.
(pdftex.def)             Requested size: 398.38567pt x 397.68303pt.
 [21 <./rozdzial1/triangle.png>]

LaTeX Warning: No positions in optional float specifier.
               Default added (so using `tbp') on input line 170.

<rozdzial1/mixing.png, id=574, 602.25pt x 530.98375pt>
File: rozdzial1/mixing.png Graphic file (type png)

<use rozdzial1/mixing.png>
Package pdftex.def Info: rozdzial1/mixing.png used on input line 172.
(pdftex.def)             Requested size: 301.12425pt x 265.49121pt.
 [22]) [23 <./rozdzial1/mixing.png>]
\openout2 = `rozdzial2/roz2.aux'.


(./rozdzial2/roz2.tex
Rozdzia\l  2.
<rozdzial2/AccComple.jpeg, id=594, 361.35pt x 326.72063pt>
File: rozdzial2/AccComple.jpeg Graphic file (type jpg)

<use rozdzial2/AccComple.jpeg>
Package pdftex.def Info: rozdzial2/AccComple.jpeg used on input line 19.
(pdftex.def)             Requested size: 397.48624pt x 359.39378pt.


LaTeX Warning: `h' float specifier changed to `ht'.

[24



]
Underfull \vbox (badness 10000) has occurred while \output is active []

 [25 <./rozdzial2/AccComple.jpeg>]
<rozdzial2/Feynman.png, id=621, 779.91376pt x 500.87125pt>
File: rozdzial2/Feynman.png Graphic file (type png)

<use rozdzial2/Feynman.png>
Package pdftex.def Info: rozdzial2/Feynman.png used on input line 44.
(pdftex.def)             Requested size: 389.95593pt x 250.435pt.

<rozdzial2/pythia.jpg, id=622, 569.0058pt x 551.661pt>
File: rozdzial2/pythia.jpg Graphic file (type jpg)

<use rozdzial2/pythia.jpg>
Package pdftex.def Info: rozdzial2/pythia.jpg used on input line 54.
(pdftex.def)             Requested size: 398.30135pt x 386.16006pt.


LaTeX Warning: `h' float specifier changed to `ht'.

[26 <./rozdzial2/Feynman.png>]
<rozdzial2/Lhcbview.jpg, id=632, 788.7066pt x 555.0336pt>
File: rozdzial2/Lhcbview.jpg Graphic file (type jpg)

<use rozdzial2/Lhcbview.jpg>
Package pdftex.def Info: rozdzial2/Lhcbview.jpg used on input line 68.
(pdftex.def)             Requested size: 473.2276pt x 333.02272pt.


LaTeX Warning: `h' float specifier changed to `ht'.

<rozdzial2/impactParameter.png, id=637, 631.60968pt x 421.575pt>
File: rozdzial2/impactParameter.png Graphic file (type png)

<use rozdzial2/impactParameter.png>
Package pdftex.def Info: rozdzial2/impactParameter.png used on input line 79.
(pdftex.def)             Requested size: 315.80406pt x 210.78697pt.
 [27 <./rozdzial2/pythia.jpg>] [28 <./rozdzial2/Lhcbview.jpg>]
Underfull \vbox (badness 5036) has occurred while \output is active []

 [29 <./rozdzial2/impactParameter.png>]
<rozdzial2/magnes.png, id=656, 1227.58624pt x 506.89375pt>
File: rozdzial2/magnes.png Graphic file (type png)

<use rozdzial2/magnes.png>
Package pdftex.def Info: rozdzial2/magnes.png used on input line 106.
(pdftex.def)             Requested size: 429.66162pt x 177.41547pt.

<rozdzial2/Velo_jakis.png, id=659, 479.54156pt x 349.305pt>
File: rozdzial2/Velo_jakis.png Graphic file (type png)

<use rozdzial2/Velo_jakis.png>
Package pdftex.def Info: rozdzial2/Velo_jakis.png used on input line 121.
(pdftex.def)             Requested size: 335.6768pt x 244.51183pt.

<rozdzial2/sensory.jpeg, id=663, 737.00343pt x 253.69781pt>
File: rozdzial2/sensory.jpeg Graphic file (type jpg)

<use rozdzial2/sensory.jpeg>
Package pdftex.def Info: rozdzial2/sensory.jpeg used on input line 130.
(pdftex.def)             Requested size: 442.20547pt x 152.21985pt.

Underfull \vbox (badness 10000) has occurred while \output is active []

 [30 <./rozdzial2/magnes.png>]
<rozdzial2/Beetle_block.jpeg, id=674, 618.81187pt x 359.09157pt>
File: rozdzial2/Beetle_block.jpeg Graphic file (type jpg)

<use rozdzial2/Beetle_block.jpeg>
Package pdftex.def Info: rozdzial2/Beetle_block.jpeg used on input line 141.
(pdftex.def)             Requested size: 495.05017pt x 287.27364pt.

Overfull \hbox (11.3533pt too wide) in paragraph at lines 141--143
 [][] 
 []

[31 <./rozdzial2/Velo_jakis.png> <./rozdzial2/sensory.jpeg>]
<rozdzial2/Velo_schematic.png, id=685, 498.36188pt x 332.74312pt>
File: rozdzial2/Velo_schematic.png Graphic file (type png)

<use rozdzial2/Velo_schematic.png>
Package pdftex.def Info: rozdzial2/Velo_schematic.png used on input line 152.
(pdftex.def)             Requested size: 448.52155pt x 299.46603pt.

Underfull \vbox (badness 10000) has occurred while \output is active []

 [32 <./rozdzial2/Beetle_block.jpeg>]
<rozdzial2/RICH.png, id=693, 940.51375pt x 510.90875pt>
File: rozdzial2/RICH.png Graphic file (type png)

<use rozdzial2/RICH.png>
Package pdftex.def Info: rozdzial2/RICH.png used on input line 171.
(pdftex.def)             Requested size: 470.25572pt x 255.45375pt.

Underfull \vbox (badness 10000) has occurred while \output is active []

 [33 <./rozdzial2/Velo_schematic.png>]
<rozdzial2/TT-layout.jpg, id=703, 276.03125pt x 246.9225pt>
File: rozdzial2/TT-layout.jpg Graphic file (type jpg)

<use rozdzial2/TT-layout.jpg>
Package pdftex.def Info: rozdzial2/TT-layout.jpg used on input line 182.
(pdftex.def)             Requested size: 276.03056pt x 246.92188pt.

<rozdzial2/OT-Module-design.jpg, id=707, 386.44376pt x 327.2225pt>
File: rozdzial2/OT-Module-design.jpg Graphic file (type jpg)

<use rozdzial2/OT-Module-design.jpg>
Package pdftex.def Info: rozdzial2/OT-Module-design.jpg used on input line 191.

(pdftex.def)             Requested size: 193.2214pt x 163.61084pt.

Underfull \vbox (badness 10000) has occurred while \output is active []

 [34 <./rozdzial2/RICH.png>] <rozdzial2/ECAL.png, id=715, 560.0925pt x 413.545p
t>
File: rozdzial2/ECAL.png Graphic file (type png)

<use rozdzial2/ECAL.png>
Package pdftex.def Info: rozdzial2/ECAL.png used on input line 206.
(pdftex.def)             Requested size: 224.03302pt x 165.41505pt.
 <rozdzial2/Muon.png, id=717, 416.55624pt x 421.575pt>
File: rozdzial2/Muon.png Graphic file (type png)

<use rozdzial2/Muon.png>
Package pdftex.def Info: rozdzial2/Muon.png used on input line 218.
(pdftex.def)             Requested size: 249.93567pt x 252.94695pt.
 [35 <./rozdzial2/TT-layout.jpg>]
Overfull \vbox (21.5899pt too high) has occurred while \output is active []


[36 <./rozdzial2/OT-Module-design.jpg> <./rozdzial2/ECAL.png> <./rozdzial2/Muon
.png>] <rozdzial2/event.jpg, id=726, 810.52812pt x 461.22313pt>
File: rozdzial2/event.jpg Graphic file (type jpg)

<use rozdzial2/event.jpg>
Package pdftex.def Info: rozdzial2/event.jpg used on input line 233.
(pdftex.def)             Requested size: 324.2055pt x 184.48598pt.
) [37 <./rozdzial2/event.jpg>]
\openout2 = `rozdzial3/roz3.aux'.

 (./rozdzial3/roz3.tex
Rozdzia\l  3.
[38



] [39] <rozdzial3/tracks.png, id=751, 705.63625pt x 375.4025pt>
File: rozdzial3/tracks.png Graphic file (type png)

<use rozdzial3/tracks.png>
Package pdftex.def Info: rozdzial3/tracks.png used on input line 47.
(pdftex.def)             Requested size: 493.942pt x 262.77995pt.

Overfull \hbox (10.24513pt too wide) in paragraph at lines 47--49
 [][] 
 []

[40 <./rozdzial3/tracks.png>] [41]) [42] [43]
\openout2 = `rozdzial4/roz4.aux'.

 (./rozdzial4/roz4.tex
Rozdzia\l  4.
[44



] <rozdzial4/GAUDI.jpeg, id=795, 577.40718pt x 285.31593pt>
File: rozdzial4/GAUDI.jpeg Graphic file (type jpg)

<use rozdzial4/GAUDI.jpeg>
Package pdftex.def Info: rozdzial4/GAUDI.jpeg used on input line 27.
(pdftex.def)             Requested size: 461.92638pt x 228.25305pt.


LaTeX Warning: `h' float specifier changed to `ht'.

[45]
Overfull \hbox (1.46086pt too wide) in paragraph at lines 43--44
[]\T1/cmr/bx/n/12 DaVinci \T1/cmr/m/n/12 jest to plat-forma pro-gra-mi-styczna 
uy-wana do fi-zycz-nej ana-lizy pra-cu-jca w  try-
 []

[46 <./rozdzial4/GAUDI.jpeg>] [47]) [48]
\openout2 = `rozdzial5/roz5.aux'.

 (./rozdzial5/roz5.tex
Rozdzia\l  5.

Package hyperref Warning: Token not allowed in a PDF string (Unicode):
(hyperref)                removing `math shift' on input line 1.


Package hyperref Warning: Token not allowed in a PDF string (Unicode):
(hyperref)                removing `\chi' on input line 1.


Package hyperref Warning: Token not allowed in a PDF string (Unicode):
(hyperref)                removing `superscript' on input line 1.


Package hyperref Warning: Token not allowed in a PDF string (Unicode):
(hyperref)                removing `math shift' on input line 1.


Package hyperref Warning: Token not allowed in a PDF string (Unicode):
(hyperref)                removing `math shift' on input line 7.


Package hyperref Warning: Token not allowed in a PDF string (Unicode):
(hyperref)                removing `\chi' on input line 7.


Package hyperref Warning: Token not allowed in a PDF string (Unicode):
(hyperref)                removing `superscript' on input line 7.


Package hyperref Warning: Token not allowed in a PDF string (Unicode):
(hyperref)                removing `math shift' on input line 7.

[49



]

Package hyperref Warning: Token not allowed in a PDF string (Unicode):
(hyperref)                removing `math shift' on input line 22.


Package hyperref Warning: Token not allowed in a PDF string (Unicode):
(hyperref)                removing `\chi' on input line 22.


Package hyperref Warning: Token not allowed in a PDF string (Unicode):
(hyperref)                removing `superscript' on input line 22.


Package hyperref Warning: Token not allowed in a PDF string (Unicode):
(hyperref)                removing `math shift' on input line 22.

<rozdzial5/chi2.png, id=840, 530.98375pt x 338.26375pt>
File: rozdzial5/chi2.png Graphic file (type png)

<use rozdzial5/chi2.png>
Package pdftex.def Info: rozdzial5/chi2.png used on input line 35.
(pdftex.def)             Requested size: 371.68608pt x 236.78299pt.
 [50 <./rozdzial5/chi2.png>]

Package hyperref Warning: Token not allowed in a PDF string (Unicode):
(hyperref)                removing `math shift' on input line 42.


Package hyperref Warning: Token not allowed in a PDF string (Unicode):
(hyperref)                removing `\chi' on input line 42.


Package hyperref Warning: Token not allowed in a PDF string (Unicode):
(hyperref)                removing `superscript' on input line 42.


Package hyperref Warning: Token not allowed in a PDF string (Unicode):
(hyperref)                removing `math shift' on input line 42.

) [51]
\openout2 = `rozdzial6/roz6.aux'.

 (./rozdzial6/roz6.tex
Rozdzia\l  6.

Package hyperref Warning: Token not allowed in a PDF string (Unicode):
(hyperref)                removing `math shift' on input line 1.


Package hyperref Warning: Token not allowed in a PDF string (Unicode):
(hyperref)                removing `\chi' on input line 1.


Package hyperref Warning: Token not allowed in a PDF string (Unicode):
(hyperref)                removing `superscript' on input line 1.


Package hyperref Warning: Token not allowed in a PDF string (Unicode):
(hyperref)                removing `math shift' on input line 1.

<rozdzial6/Feynman.png, id=855, 634.37pt x 278.03876pt>
File: rozdzial6/Feynman.png Graphic file (type png)

<use rozdzial6/Feynman.png>
Package pdftex.def Info: rozdzial6/Feynman.png used on input line 12.
(pdftex.def)             Requested size: 507.49667pt x 222.4313pt.

Overfull \hbox (23.7998pt too wide) in paragraph at lines 12--14
 [][] 
 []

[52



 <./rozdzial6/Feynman.png>]

LaTeX Warning: Command \' invalid in math mode on input line 31.


LaTeX Warning: Command \' invalid in math mode on input line 31.

Missing character: There is no  in font cmmi12!
Missing character: There is no  in font cmmi12!
<rozdzial6/Jpsi_p.png, id=862, 1245.15187pt x 621.07031pt>
File: rozdzial6/Jpsi_p.png Graphic file (type png)

<use rozdzial6/Jpsi_p.png>
Package pdftex.def Info: rozdzial6/Jpsi_p.png used on input line 40.
(pdftex.def)             Requested size: 373.54845pt x 186.32253pt.

<rozdzial6/Jpsi_pt.png, id=863, 1245.15187pt x 621.07031pt>
File: rozdzial6/Jpsi_pt.png Graphic file (type png)

<use rozdzial6/Jpsi_pt.png>
Package pdftex.def Info: rozdzial6/Jpsi_pt.png used on input line 41.
(pdftex.def)             Requested size: 373.54845pt x 186.32253pt.

<rozdzial6/Jpsi_eta.png, id=864, 1245.15187pt x 621.07031pt>
File: rozdzial6/Jpsi_eta.png Graphic file (type png)

<use rozdzial6/Jpsi_eta.png>
Package pdftex.def Info: rozdzial6/Jpsi_eta.png used on input line 42.
(pdftex.def)             Requested size: 373.54845pt x 186.32253pt.

Underfull \vbox (badness 10000) has occurred while \output is active []

 [53]
<rozdzial6/KsLL_p.png, id=873, 1245.15187pt x 621.07031pt>
File: rozdzial6/KsLL_p.png Graphic file (type png)

<use rozdzial6/KsLL_p.png>
Package pdftex.def Info: rozdzial6/KsLL_p.png used on input line 51.
(pdftex.def)             Requested size: 311.2872pt x 155.2672pt.

<rozdzial6/KsLL_pt.png, id=874, 1245.15187pt x 621.07031pt>
File: rozdzial6/KsLL_pt.png Graphic file (type png)

<use rozdzial6/KsLL_pt.png>
Package pdftex.def Info: rozdzial6/KsLL_pt.png used on input line 52.
(pdftex.def)             Requested size: 311.2872pt x 155.2672pt.

<rozdzial6/KsLL_eta.png, id=875, 1245.15187pt x 621.07031pt>
File: rozdzial6/KsLL_eta.png Graphic file (type png)

<use rozdzial6/KsLL_eta.png>
Package pdftex.def Info: rozdzial6/KsLL_eta.png used on input line 53.
(pdftex.def)             Requested size: 311.2872pt x 155.2672pt.

Underfull \vbox (badness 10000) has occurred while \output is active []

 [54 <./rozdzial6/Jpsi_p.png> <./rozdzial6/Jpsi_pt.png> <./rozdzial6/Jpsi_eta.p
ng>]
<rozdzial6/KsDD_p.png, id=883, 1245.15187pt x 621.07031pt>
File: rozdzial6/KsDD_p.png Graphic file (type png)

<use rozdzial6/KsDD_p.png>
Package pdftex.def Info: rozdzial6/KsDD_p.png used on input line 60.
(pdftex.def)             Requested size: 311.2872pt x 155.2672pt.

<rozdzial6/KsDD_pt.png, id=884, 1245.15187pt x 621.07031pt>
File: rozdzial6/KsDD_pt.png Graphic file (type png)

<use rozdzial6/KsDD_pt.png>
Package pdftex.def Info: rozdzial6/KsDD_pt.png used on input line 61.
(pdftex.def)             Requested size: 311.2872pt x 155.2672pt.

Underfull \vbox (badness 10000) has occurred while \output is active []

 [55 <./rozdzial6/KsLL_p.png> <./rozdzial6/KsLL_pt.png> <./rozdzial6/KsLL_eta.p
ng>]

Package hyperref Warning: Token not allowed in a PDF string (Unicode):
(hyperref)                removing `math shift' on input line 70.


Package hyperref Warning: Token not allowed in a PDF string (Unicode):
(hyperref)                removing `\chi' on input line 70.


Package hyperref Warning: Token not allowed in a PDF string (Unicode):
(hyperref)                removing `superscript' on input line 70.


Package hyperref Warning: Token not allowed in a PDF string (Unicode):
(hyperref)                removing `math shift' on input line 70.

[56 <./rozdzial6/KsDD_p.png> <./rozdzial6/KsDD_pt.png>]
<rozdzial6/JPsi_chi2.png, id=901, 667.74469pt x 422.32782pt>
File: rozdzial6/JPsi_chi2.png Graphic file (type png)

<use rozdzial6/JPsi_chi2.png>
Package pdftex.def Info: rozdzial6/JPsi_chi2.png used on input line 79.
(pdftex.def)             Requested size: 266.03474pt x 168.26437pt.

<rozdzial6/JPsi_chi2T.png, id=902, 667.74469pt x 422.32782pt>
File: rozdzial6/JPsi_chi2T.png Graphic file (type png)

<use rozdzial6/JPsi_chi2T.png>
Package pdftex.def Info: rozdzial6/JPsi_chi2T.png used on input line 83.
(pdftex.def)             Requested size: 266.03474pt x 168.26437pt.

Overfull \hbox (53.5936pt too wide) in paragraph at lines 78--85
[][]   [] 
 []

<rozdzial6/JPsi_chi2Velo.png, id=903, 667.74469pt x 422.32782pt>
File: rozdzial6/JPsi_chi2Velo.png Graphic file (type png)

<use rozdzial6/JPsi_chi2Velo.png>
Package pdftex.def Info: rozdzial6/JPsi_chi2Velo.png used on input line 88.
(pdftex.def)             Requested size: 266.03474pt x 168.26437pt.

<rozdzial6/JPsi_chi2TT.png, id=904, 667.74469pt x 422.32782pt>
File: rozdzial6/JPsi_chi2TT.png Graphic file (type png)

<use rozdzial6/JPsi_chi2TT.png>
Package pdftex.def Info: rozdzial6/JPsi_chi2TT.png used on input line 92.
(pdftex.def)             Requested size: 266.03474pt x 168.26437pt.

Overfull \hbox (53.5936pt too wide) in paragraph at lines 87--94
[][]   [] 
 []

<rozdzial6/KsLL_chi2.png, id=908, 890.32625pt x 563.10374pt>
File: rozdzial6/KsLL_chi2.png Graphic file (type png)

<use rozdzial6/KsLL_chi2.png>
Package pdftex.def Info: rozdzial6/KsLL_chi2.png used on input line 101.
(pdftex.def)             Requested size: 217.66211pt x 137.66519pt.

<rozdzial6/KsLL_chi2T.png, id=909, 890.32625pt x 563.10374pt>
File: rozdzial6/KsLL_chi2T.png Graphic file (type png)

<use rozdzial6/KsLL_chi2T.png>
Package pdftex.def Info: rozdzial6/KsLL_chi2T.png used on input line 105.
(pdftex.def)             Requested size: 217.66211pt x 137.66519pt.

<rozdzial6/KsLL_chi2Velo.png, id=910, 890.32625pt x 563.10374pt>
File: rozdzial6/KsLL_chi2Velo.png Graphic file (type png)

<use rozdzial6/KsLL_chi2Velo.png>
Package pdftex.def Info: rozdzial6/KsLL_chi2Velo.png used on input line 110.
(pdftex.def)             Requested size: 217.66211pt x 137.66519pt.

<rozdzial6/KsLL_chi2TT.png, id=911, 667.74469pt x 422.32782pt>
File: rozdzial6/KsLL_chi2TT.png Graphic file (type png)

<use rozdzial6/KsLL_chi2TT.png>
Package pdftex.def Info: rozdzial6/KsLL_chi2TT.png used on input line 114.
(pdftex.def)             Requested size: 217.66211pt x 137.66089pt.


LaTeX Warning: `h' float specifier changed to `ht'.

File: rozdzial6/KsLL_chi2.png Graphic file (type png)
<use rozdzial6/KsLL_chi2.png>
Package pdftex.def Info: rozdzial6/KsLL_chi2.png used on input line 121.
(pdftex.def)             Requested size: 193.47578pt x 122.36237pt.
File: rozdzial6/KsLL_chi2T.png Graphic file (type png)
 <use rozdzial6/KsLL_chi2T.png>
Package pdftex.def Info: rozdzial6/KsLL_chi2T.png used on input line 125.
(pdftex.def)             Requested size: 193.47578pt x 122.36237pt.
File: rozdzial6/KsLL_chi2TT.png Graphic file (type png)

<use rozdzial6/KsLL_chi2TT.png>
Package pdftex.def Info: rozdzial6/KsLL_chi2TT.png used on input line 132.
(pdftex.def)             Requested size: 267.09314pt x 168.92813pt.

Overfull \hbox (2.61049pt too wide) in paragraph at lines 129--134
[]  [] 
 []

[57 <./rozdzial6/JPsi_chi2.png> <./rozdzial6/JPsi_chi2T.png> <./rozdzial6/JPsi_
chi2Velo.png> <./rozdzial6/JPsi_chi2TT.png>]
Overfull \vbox (54.05077pt too high) has occurred while \output is active []


[58 <./rozdzial6/KsLL_chi2.png> <./rozdzial6/KsLL_chi2T.png> <./rozdzial6/KsLL_
chi2Velo.png> <./rozdzial6/KsLL_chi2TT.png>]
<rozdzial6/JPsi_eta_chi2.png, id=926, 667.74469pt x 422.32782pt>
File: rozdzial6/JPsi_eta_chi2.png Graphic file (type png)

<use rozdzial6/JPsi_eta_chi2.png>
Package pdftex.def Info: rozdzial6/JPsi_eta_chi2.png used on input line 142.
(pdftex.def)             Requested size: 241.84843pt x 152.95941pt.

<rozdzial6/JPsi_mass_chi2.png, id=927, 667.74469pt x 422.32782pt>
File: rozdzial6/JPsi_mass_chi2.png Graphic file (type png)

<use rozdzial6/JPsi_mass_chi2.png>
Package pdftex.def Info: rozdzial6/JPsi_mass_chi2.png used on input line 146.
(pdftex.def)             Requested size: 241.84843pt x 152.95941pt.

Overfull \hbox (5.22098pt too wide) in paragraph at lines 141--148
[][]   [] 
 []

<rozdzial6/JPsi_p_chi2.png, id=928, 667.74469pt x 422.32782pt>
File: rozdzial6/JPsi_p_chi2.png Graphic file (type png)

<use rozdzial6/JPsi_p_chi2.png>
Package pdftex.def Info: rozdzial6/JPsi_p_chi2.png used on input line 151.
(pdftex.def)             Requested size: 241.84843pt x 152.95941pt.

<rozdzial6/JPsi_pt_chi2.png, id=929, 667.74469pt x 422.32782pt>
File: rozdzial6/JPsi_pt_chi2.png Graphic file (type png)

<use rozdzial6/JPsi_pt_chi2.png>
Package pdftex.def Info: rozdzial6/JPsi_pt_chi2.png used on input line 155.
(pdftex.def)             Requested size: 241.84843pt x 152.95941pt.

Overfull \hbox (5.22098pt too wide) in paragraph at lines 150--157
[][]   [] 
 []

<rozdzial6/JPsi_eta_chi2TT.png, id=930, 667.74469pt x 422.32782pt>
File: rozdzial6/JPsi_eta_chi2TT.png Graphic file (type png)

<use rozdzial6/JPsi_eta_chi2TT.png>
Package pdftex.def Info: rozdzial6/JPsi_eta_chi2TT.png used on input line 162.
(pdftex.def)             Requested size: 169.29684pt x 107.0703pt.

<rozdzial6/JPsi_mass_chi2TT.png, id=931, 667.74469pt x 422.32782pt>
File: rozdzial6/JPsi_mass_chi2TT.png Graphic file (type png)

<use rozdzial6/JPsi_mass_chi2TT.png>
Package pdftex.def Info: rozdzial6/JPsi_mass_chi2TT.png used on input line 166.

(pdftex.def)             Requested size: 169.29684pt x 107.0703pt.

<rozdzial6/JPsi_p_chi2TT.png, id=932, 667.74469pt x 422.32782pt>
File: rozdzial6/JPsi_p_chi2TT.png Graphic file (type png)

<use rozdzial6/JPsi_p_chi2TT.png>
Package pdftex.def Info: rozdzial6/JPsi_p_chi2TT.png used on input line 171.
(pdftex.def)             Requested size: 169.29684pt x 107.0703pt.

<rozdzial6/JPsi_pt_chi2TT.png, id=933, 667.74469pt x 422.32782pt>
File: rozdzial6/JPsi_pt_chi2TT.png Graphic file (type png)

<use rozdzial6/JPsi_pt_chi2TT.png>
Package pdftex.def Info: rozdzial6/JPsi_pt_chi2TT.png used on input line 175.
(pdftex.def)             Requested size: 169.29684pt x 107.0703pt.

Underfull \vbox (badness 10000) has occurred while \output is active []

 [59 <./rozdzial6/JPsi_eta_chi2.png> <./rozdzial6/JPsi_mass_chi2.png> <./rozdzi
al6/JPsi_p_chi2.png> <./rozdzial6/JPsi_pt_chi2.png>]
<rozdzial6/Chi2_vs_position_TT.png, id=944, 1011.02719pt x 350.81062pt>
File: rozdzial6/Chi2_vs_position_TT.png Graphic file (type png)

<use rozdzial6/Chi2_vs_position_TT.png>
Package pdftex.def Info: rozdzial6/Chi2_vs_position_TT.png used on input line 1
86.
(pdftex.def)             Requested size: 353.86482pt x 122.78555pt.
 [60 <./rozdzial6/JPsi_eta_chi2TT.png> <./rozdzial6/JPsi_mass_chi2TT.png> <./ro
zdzial6/JPsi_p_chi2TT.png> <./rozdzial6/JPsi_pt_chi2TT.png> <./rozdzial6/Chi2_v
s_position_TT.png>]

Package hyperref Warning: Token not allowed in a PDF string (Unicode):
(hyperref)                removing `math shift' on input line 195.


Package hyperref Warning: Token not allowed in a PDF string (Unicode):
(hyperref)                removing `\chi' on input line 195.


Package hyperref Warning: Token not allowed in a PDF string (Unicode):
(hyperref)                removing `superscript' on input line 195.


Package hyperref Warning: Token not allowed in a PDF string (Unicode):
(hyperref)                removing `math shift' on input line 195.

) [61]
\openout2 = `podsumowanie.aux'.

 (./podsumowanie.tex) [62



] (./dokument.bbl
LaTeX Font Info:    Try loading font information for T1+cmtt on input line 10.

(/usr/share/texlive/texmf-dist/tex/latex/base/t1cmtt.fd
File: t1cmtt.fd 1999/05/25 v2.5h Standard LaTeX font definitions
)
Underfull \hbox (badness 3229) in paragraph at lines 13--15
[]\T1/cmr/m/n/12 Publiczna strona eks-pe-ry-mentu lhcb.  URL [][]$\T1/cmtt/m/n/
12 http : / / lhcb-[]public . web . cern . ch /
 []


Underfull \hbox (badness 10000) in paragraph at lines 42--43
[][][]$\T1/cmtt/m/n/12 http : / / lhcb-[]public . web . cern . ch / lhcb-[]publ
ic / en / Collaboration / LHCbEvDis .
 []

[63


]
Underfull \hbox (badness 1552) in paragraph at lines 76--81
[]\T1/cmr/m/n/12 A.D. Sa-kha-rov.  Vio-la-tion of CP In-va-riance, c Asym-me-tr
y, and Ba-ryon Asym-
 []


Underfull \hbox (badness 1331) in paragraph at lines 76--81
\T1/cmr/m/n/12 me-try of the Uni-verse.  \T1/cmr/m/it/12 Pi-sma Zh.Eksp.Teor.Fi
z.\T1/cmr/m/n/12 , 5:32--35, 1967.  doi: $10 . 1070 /
 []

[64]
Underfull \hbox (badness 4168) in paragraph at lines 199--202
[]\T1/cmr/m/n/12 R. Fruh-wirth.  Ap-pli-ca-tion of Kal-man fil-te-ring to track
 and ver-tex fit-ting.
 []

)
Package atveryend Info: Empty hook `BeforeClearDocument' on input line 104.
 [65]
Package atveryend Info: Empty hook `AfterLastShipout' on input line 104.
 (./dokument.aux (./wstep.aux) (./rozdzial1/roz1.aux)
(./rozdzial2/roz2.aux) (./rozdzial3/roz3.aux) (./rozdzial4/roz4.aux)
(./rozdzial5/roz5.aux) (./rozdzial6/roz6.aux) (./podsumowanie.aux))
Package atveryend Info: Empty hook `AtVeryEndDocument' on input line 104.
Package atveryend Info: Executing hook `AtEndAfterFileList' on input line 104.
Package rerunfilecheck Info: File `dokument.out' has not changed.
(rerunfilecheck)             Checksum: 48B5372D87BDBE8C3DB8252EBB143F31;10006.


LaTeX Warning: There were multiply-defined labels.

Package atveryend Info: Empty hook `AtVeryVeryEnd' on input line 104.
 ) 
Here is how much of TeX's memory you used:
 21545 strings out of 495024
 353019 string characters out of 3181154
 454479 words of memory out of 3000000
 23929 multiletter control sequences out of 15000+200000
 46405 words of font info for 123 fonts, out of 3000000 for 9000
 35 hyphenation exceptions out of 8191
 58i,13n,55p,1247b,497s stack positions out of 5000i,500n,10000p,200000b,50000s
 </home/ja/.texmf-var/fonts/pk/ljfour/jknappen/ec/ectt1200.600pk> </home/ja/.
texmf-var/fonts/pk/ljfour/jknappen/ec/ecbl1200.600pk> </home/ja/.texmf-var/font
s/pk/ljfour/jknappen/ec/ecbx1000.600pk> </home/ja/.texmf-var/fonts/pk/ljfour/jk
nappen/ec/ecrm1095.600pk> </home/ja/.texmf-var/fonts/pk/ljfour/jknappen/ec/ecbx
1095.600pk> </home/ja/.texmf-var/fonts/pk/ljfour/jknappen/ec/ecti1200.600pk> </
home/ja/.texmf-var/fonts/pk/ljfour/jknappen/ec/ecrm1000.600pk> </home/ja/.texmf
-var/fonts/pk/ljfour/jknappen/ec/ecrm0700.600pk> </home/ja/.texmf-var/fonts/pk/
ljfour/jknappen/ec/ecrm0800.600pk> </home/ja/.texmf-var/fonts/pk/ljfour/jknappe
n/ec/ecsl1200.600pk> </home/ja/.texmf-var/fonts/pk/ljfour/jknappen/ec/ecsx1200.
600pk> </home/ja/.texmf-var/fonts/pk/ljfour/jknappen/ec/ecbx1200.600pk> </home/
ja/.texmf-var/fonts/pk/ljfour/jknappen/ec/ecss1200.600pk> </home/ja/.texmf-var/
fonts/pk/ljfour/jknappen/ec/ecrm1200.600pk> </home/ja/.texmf-var/fonts/pk/ljfou
r/jknappen/ec/ecsx1440.600pk> </home/ja/.texmf-var/fonts/pk/ljfour/jknappen/ec/
ecrm1728.600pk> </home/ja/.texmf-var/fonts/pk/ljfour/jknappen/ec/ecsx2488.600pk
> </home/ja/.texmf-var/fonts/pk/ljfour/jknappen/ec/ecsx1095.600pk> </home/ja/.t
exmf-var/fonts/pk/ljfour/jknappen/ec/ecss1095.600pk> </home/ja/.texmf-var/fonts
/pk/ljfour/jknappen/ec/ecsx1728.600pk> </home/ja/.texmf-var/fonts/pk/ljfour/jkn
appen/ec/ecsx2074.600pk> </home/ja/.texmf-var/fonts/pk/ljfour/jknappen/ec/ecss1
440.600pk></usr/share/texlive/texmf-dist/fonts/type1/public/amsfonts/cm/cmbx12.
pfb></usr/share/texlive/texmf-dist/fonts/type1/public/amsfonts/cm/cmex10.pfb></
usr/share/texlive/texmf-dist/fonts/type1/public/amsfonts/cm/cmmi10.pfb></usr/sh
are/texlive/texmf-dist/fonts/type1/public/amsfonts/cm/cmmi12.pfb></usr/share/te
xlive/texmf-dist/fonts/type1/public/amsfonts/cm/cmmi6.pfb></usr/share/texlive/t
exmf-dist/fonts/type1/public/amsfonts/cm/cmmi8.pfb></usr/share/texlive/texmf-di
st/fonts/type1/public/amsfonts/cm/cmr10.pfb></usr/share/texlive/texmf-dist/font
s/type1/public/amsfonts/cm/cmr12.pfb></usr/share/texlive/texmf-dist/fonts/type1
/public/amsfonts/cm/cmr17.pfb></usr/share/texlive/texmf-dist/fonts/type1/public
/amsfonts/cm/cmr6.pfb></usr/share/texlive/texmf-dist/fonts/type1/public/amsfont
s/cm/cmr7.pfb></usr/share/texlive/texmf-dist/fonts/type1/public/amsfonts/cm/cmr
8.pfb></usr/share/texlive/texmf-dist/fonts/type1/public/amsfonts/cm/cmsy10.pfb>
</usr/share/texlive/texmf-dist/fonts/type1/public/amsfonts/cm/cmsy8.pfb></usr/s
hare/texlive/texmf-dist/fonts/type1/public/amsfonts/symbols/msbm10.pfb></usr/sh
are/texlive/texmf-dist/fonts/type1/public/rsfs/rsfs10.pfb>
Output written on dokument.pdf (65 pages, 4157381 bytes).
PDF statistics:
 1975 PDF objects out of 2073 (max. 8388607)
 979 compressed objects within 10 object streams
 235 named destinations out of 1000 (max. 500000)
 671 words of extra memory for PDF output out of 10000 (max. 10000000)

