\BOOKMARK [0][]{chapter*.1}{\376\377\000W\000s\000t\001\031\000p}{}% 1
\BOOKMARK [0][]{chapter.1}{\376\377\0001\000\040\000P\000o\000d\000s\000t\000a\000w\000y\000\040\000t\000e\000o\000r\000e\000t\000y\000c\000z\000n\000e\000\040\000e\000k\000s\000p\000e\000r\000y\000m\000e\000n\000t\000u\000\040\000L\000H\000C\000b}{}% 2
\BOOKMARK [1][]{section.1.1}{\376\377\0001\000.\0001\000\040\000S\000y\000m\000e\000t\000r\000i\000e\000\040\000w\000\040\000f\000i\000z\000y\000c\000e}{chapter.1}% 3
\BOOKMARK [1][]{section.1.2}{\376\377\0001\000.\0002\000\040\000S\000y\000m\000e\000t\000r\000i\000e\000\040\000a\000\040\000p\000o\000c\000z\001\005\000t\000e\000k\000\040\000W\000s\000z\000e\000c\000h\001\133\000w\000i\000a\000t\000a}{chapter.1}% 4
\BOOKMARK [1][]{section.1.3}{\376\377\0001\000.\0003\000\040\000S\000y\000m\000e\000t\000r\000i\000a\000\040\000k\000o\000m\000b\000i\000n\000o\000w\000a\000n\000a\000\040\000C\000P}{chapter.1}% 5
\BOOKMARK [2][-]{subsection.1.3.1}{\376\377\0001\000.\0003\000.\0001\000\040\000T\000e\000o\000r\000e\000t\000y\000c\000z\000n\000y\000\040\000o\000p\000i\000s\000\040\001\102\000a\000m\000a\000n\000i\000a\000\040\000s\000y\000m\000e\000t\000r\000i\000i\000\040\000C\000P\000\040}{section.1.3}% 6
\BOOKMARK [2][-]{subsection.1.3.2}{\376\377\0001\000.\0003\000.\0002\000\040\000T\000r\000\363\000j\000k\001\005\000t\000y\000\040\000u\000n\000i\000t\000a\000r\000n\000o\001\133\000c\000i}{section.1.3}% 7
\BOOKMARK [0][]{chapter.2}{\376\377\0002\000\040\000E\000k\000s\000p\000e\000r\000y\000m\000e\000n\000t\000\040\000L\000H\000C\000b}{}% 8
\BOOKMARK [1][]{section.2.1}{\376\377\0002\000.\0001\000\040\000A\000k\000c\000e\000l\000e\000r\000a\000t\000o\000r\000\040\000L\000H\000C}{chapter.2}% 9
\BOOKMARK [1][]{section.2.2}{\376\377\0002\000.\0002\000\040\000D\000e\000t\000e\000k\000t\000o\000r\000\040\000L\000H\000C\000b}{chapter.2}% 10
\BOOKMARK [2][-]{subsection.2.2.1}{\376\377\0002\000.\0002\000.\0001\000\040\000M\000a\000g\000n\000e\000s\000\040\000z\000a\000k\000r\000z\000y\000w\000i\000a\000j\001\005\000c\000y}{section.2.2}% 11
\BOOKMARK [2][-]{subsection.2.2.2}{\376\377\0002\000.\0002\000.\0002\000\040\000V\000E\000L\000O}{section.2.2}% 12
\BOOKMARK [3][-]{subsubsection.2.2.2.1}{\376\377\0002\000.\0002\000.\0002\000.\0001\000\040\000S\000e\000n\000s\000o\000r\000y\000\040\000k\000r\000z\000e\000m\000o\000w\000e\000\040}{subsection.2.2.2}% 13
\BOOKMARK [3][-]{subsubsection.2.2.2.2}{\376\377\0002\000.\0002\000.\0002\000.\0002\000\040\000E\000l\000e\000k\000t\000r\000o\000n\000i\000k\000a\000\040\000o\000d\000c\000z\000y\000t\000u}{subsection.2.2.2}% 14
\BOOKMARK [3][-]{subsubsection.2.2.2.3}{\376\377\0002\000.\0002\000.\0002\000.\0003\000\040\000P\000r\000z\000e\000t\000w\000a\000r\000z\000a\000n\000i\000e\000\040\000d\000a\000n\000y\000c\000h}{subsection.2.2.2}% 15
\BOOKMARK [2][-]{subsection.2.2.3}{\376\377\0002\000.\0002\000.\0003\000\040\000D\000e\000t\000e\000k\000t\000o\000r\000y\000\040\000C\000z\000e\000r\000e\000n\000k\000o\000w\000a}{section.2.2}% 16
\BOOKMARK [2][-]{subsection.2.2.4}{\376\377\0002\000.\0002\000.\0004\000\040\000D\000e\000t\000e\000k\000t\000o\000r\000y\000\040\001\133\000l\000a\000d\000o\000w\000e}{section.2.2}% 17
\BOOKMARK [2][-]{subsection.2.2.5}{\376\377\0002\000.\0002\000.\0005\000\040\000K\000a\000l\000o\000r\000y\000m\000e\000t\000r\000y}{section.2.2}% 18
\BOOKMARK [2][-]{subsection.2.2.6}{\376\377\0002\000.\0002\000.\0006\000\040\000K\000o\000m\000o\000r\000y\000\040\000m\000i\000o\000n\000o\000w\000e}{section.2.2}% 19
\BOOKMARK [2][-]{subsection.2.2.7}{\376\377\0002\000.\0002\000.\0007\000\040\000S\000y\000s\000t\000e\000m\000\040\000w\000y\000z\000w\000a\000l\000a\000n\000i\000a}{section.2.2}% 20
\BOOKMARK [0][]{chapter.3}{\376\377\0003\000\040\000R\000e\000k\000o\000n\000s\000t\000r\000u\000k\000c\000j\000a\000\040\001\133\000l\000a\000d\000\363\000w}{}% 21
\BOOKMARK [0][]{chapter.4}{\376\377\0004\000\040\000O\000p\000r\000o\000g\000r\000a\000m\000o\000w\000a\000n\000i\000e}{}% 22
\BOOKMARK [1][]{section.4.1}{\376\377\0004\000.\0001\000\040\000R\000o\000o\000t}{chapter.4}% 23
\BOOKMARK [2][-]{subsection.4.1.1}{\376\377\0004\000.\0001\000.\0001\000\040\000R\000o\000o\000F\000i\000t}{section.4.1}% 24
\BOOKMARK [1][]{section.4.2}{\376\377\0004\000.\0002\000\040\000G\000a\000u\000d\000i}{chapter.4}% 25
\BOOKMARK [1][]{section.4.3}{\376\377\0004\000.\0003\000\040\000D\000a\000\040\000V\000i\000n\000c\000i}{chapter.4}% 26
\BOOKMARK [0][]{chapter*.21}{\376\377\000P\000o\000d\000s\000u\000m\000o\000w\000a\000n\000i\000e}{}% 27
\BOOKMARK [1][]{section*.22}{\376\377\000L\000i\000t\000e\000r\000a\000t\000u\000r\000a}{chapter*.21}% 28
