This is pdfTeX, Version 3.1415926-2.4-1.40.13 (TeX Live 2012/Debian) (format=pdflatex 2014.3.16)  14 AUG 2014 01:26
entering extended mode
 restricted \write18 enabled.
 %&-line parsing enabled.
**preambula_ustawienia.tex
(./preambula_ustawienia.tex
LaTeX2e <2011/06/27>
Babel <v3.8m> and hyphenation patterns for english, dumylang, nohyphenation, po
lish, loaded.
! TeX capacity exceeded, sorry [input stack size=5000].
\cl@section ->\cl@section 
                          \@elt {equation}
l.24     \@addtoreset{figure}{section}
                                      
If you really absolutely need more capacity,
you can ask a wizard to enlarge me.

 
Here is how much of TeX's memory you used:
 7 strings out of 495024
 205 string characters out of 3181154
 45097 words of memory out of 3000000
 3293 multiletter control sequences out of 15000+200000
 3640 words of font info for 14 fonts, out of 3000000 for 9000
 34 hyphenation exceptions out of 8191
 5000i,0n,5p,139b,8s stack positions out of 5000i,500n,10000p,200000b,50000s
!  ==> Fatal error occurred, no output PDF file produced!
